#
# There is insufficient memory for the Java Runtime Environment to continue.
# Native memory allocation (mmap) failed to map 65011712 bytes for committing reserved memory.
# Possible reasons:
#   The system is out of physical RAM or swap space
#   In 32 bit mode, the process size limit was hit
# Possible solutions:
#   Reduce memory load on the system
#   Increase physical memory or swap space
#   Check if swap backing store is full
#   Use 64 bit Java on a 64 bit OS
#   Decrease Java heap size (-Xmx/-Xms)
#   Decrease number of Java threads
#   Decrease Java thread stack sizes (-Xss)
#   Set larger code cache with -XX:ReservedCodeCacheSize=
# This output file may be truncated or incomplete.
#
#  Out of Memory Error (os_linux.cpp:2643), pid=3867, tid=0x00007f398c1f1700
#
# JRE version: OpenJDK Runtime Environment (8.0_181-b13) (build 1.8.0_181-8u181-b13-0ubuntu0.16.04.1-b13)
# Java VM: OpenJDK 64-Bit Server VM (25.181-b13 mixed mode linux-amd64 compressed oops)
# Failed to write core dump. Core dumps have been disabled. To enable core dumping, try "ulimit -c unlimited" before starting Java again
#

---------------  T H R E A D  ---------------

Current thread (0x00007f399c07b800):  VMThread [stack: 0x00007f398c0f1000,0x00007f398c1f2000] [id=3876]

Stack: [0x00007f398c0f1000,0x00007f398c1f2000],  sp=0x00007f398c1f04a0,  free space=1021k
Native frames: (J=compiled Java code, j=interpreted, Vv=VM code, C=native code)
V  [libjvm.so+0xa70edb]
V  [libjvm.so+0x4c893c]
V  [libjvm.so+0x8bda08]
V  [libjvm.so+0x8b7d9e]
V  [libjvm.so+0x933206]
V  [libjvm.so+0x934533]
V  [libjvm.so+0x930bfb]
V  [libjvm.so+0x929a29]
V  [libjvm.so+0x44c943]
V  [libjvm.so+0xa72469]
V  [libjvm.so+0xa77d27]
V  [libjvm.so+0xa75427]
V  [libjvm.so+0xa768af]
V  [libjvm.so+0xa76da1]
V  [libjvm.so+0x8bae12]

VM_Operation (0x00007f3944cf24e0): CollectForMetadataAllocation, mode: safepoint, requested by thread 0x00007f393c00d000


---------------  P R O C E S S  ---------------

Java Threads: ( => current thread )
  0x00007f3928789800 JavaThread "Cache worker for file hash cache (/home/ben/Documents/Ubiqum/workspace/java/salvo/.gradle/4.9/fileHashes)" [_thread_blocked, id=3903, stack(0x00007f39442f6000,0x00007f39443f7000)]
  0x00007f3928550000 JavaThread "File lock request listener" [_thread_in_native, id=3901, stack(0x00007f39445f7000,0x00007f39446f8000)]
  0x00007f3928546800 JavaThread "Cache worker for file hash cache (/home/ben/.gradle/caches/4.9/fileHashes)" [_thread_blocked, id=3900, stack(0x00007f39446f8000,0x00007f39447f9000)]
  0x00007f3928013800 JavaThread "Stdin handler" [_thread_blocked, id=3899, stack(0x00007f39449f9000,0x00007f3944afa000)]
  0x00007f3928010800 JavaThread "Asynchronous log dispatcher for DefaultDaemonConnection: socket connection from /127.0.0.1:41689 to /127.0.0.1:56716" [_thread_blocked, id=3898, stack(0x00007f3944afa000,0x00007f3944bfb000)]
  0x00007f393c00d000 JavaThread "Daemon worker" [_thread_blocked, id=3895, stack(0x00007f3944bfb000,0x00007f3944cfc000)]
  0x00007f393c008000 JavaThread "Cancel handler" [_thread_blocked, id=3894, stack(0x00007f3944cfc000,0x00007f3944dfd000)]
  0x00007f393c009000 JavaThread "Handler for socket connection from /127.0.0.1:41689 to /127.0.0.1:56716" [_thread_in_native, id=3893, stack(0x00007f3944dfd000,0x00007f3944efe000)]
  0x00007f3940031800 JavaThread "Daemon" [_thread_blocked, id=3892, stack(0x00007f3944efe000,0x00007f3944fff000)]
  0x00007f399cfe2000 JavaThread "Daemon periodic checks" [_thread_blocked, id=3891, stack(0x00007f3984047000,0x00007f3984148000)]
  0x00007f399cfb1000 JavaThread "Incoming local TCP Connector on port 41689" [_thread_in_native, id=3890, stack(0x00007f398414f000,0x00007f3984250000)]
  0x00007f399c0db000 JavaThread "Service Thread" daemon [_thread_blocked, id=3888, stack(0x00007f39853f1000,0x00007f39854f2000)]
  0x00007f399c0cf800 JavaThread "C1 CompilerThread2" daemon [_thread_blocked, id=3887, stack(0x00007f39854f2000,0x00007f39855f3000)]
  0x00007f399c0ce000 JavaThread "C2 CompilerThread1" daemon [_thread_blocked, id=3886, stack(0x00007f39855f3000,0x00007f39856f4000)]
  0x00007f399c0cb000 JavaThread "C2 CompilerThread0" daemon [_thread_blocked, id=3885, stack(0x00007f39856f4000,0x00007f39857f5000)]
  0x00007f3960001000 JavaThread "JDWP Command Reader" daemon [_thread_in_native, id=3883, stack(0x00007f39857f5000,0x00007f39858f6000)]
  0x00007f399c0c8800 JavaThread "JDWP Event Helper Thread" daemon [_thread_blocked, id=3882, stack(0x00007f39858f6000,0x00007f39859f7000)]
  0x00007f399c0c5000 JavaThread "JDWP Transport Listener: dt_socket" daemon [_thread_blocked, id=3880, stack(0x00007f39859f7000,0x00007f3985af8000)]
  0x00007f399c0b9800 JavaThread "Signal Dispatcher" daemon [_thread_blocked, id=3879, stack(0x00007f3985cfd000,0x00007f3985dfe000)]
  0x00007f399c088000 JavaThread "Finalizer" daemon [_thread_blocked, id=3878, stack(0x00007f3985dfe000,0x00007f3985eff000)]
  0x00007f399c083800 JavaThread "Reference Handler" daemon [_thread_blocked, id=3877, stack(0x00007f3985eff000,0x00007f3986000000)]
  0x00007f399c00e000 JavaThread "main" [_thread_blocked, id=3871, stack(0x00007f39a56f6000,0x00007f39a57f7000)]

Other Threads:
=>0x00007f399c07b800 VMThread [stack: 0x00007f398c0f1000,0x00007f398c1f2000] [id=3876]
  0x00007f399c0dd800 WatcherThread [stack: 0x00007f39852f0000,0x00007f39853f1000] [id=3889]

VM state:at safepoint (normal execution)

VM Mutex/Monitor currently owned by a thread:  ([mutex/lock_event])
[0x00007f399c00a650] Threads_lock - owner thread: 0x00007f399c07b800
[0x00007f399c00ab50] Heap_lock - owner thread: 0x00007f393c00d000

Heap:
 PSYoungGen      total 67072K, used 6649K [0x00000000eab00000, 0x00000000ef400000, 0x0000000100000000)
  eden space 60416K, 0% used [0x00000000eab00000,0x00000000eab00000,0x00000000ee600000)
  from space 6656K, 99% used [0x00000000ee600000,0x00000000eec7e450,0x00000000eec80000)
  to   space 5632K, 0% used [0x00000000eec80000,0x00000000eec80000,0x00000000ef200000)
 ParOldGen       total 39936K, used 9282K [0x00000000c0000000, 0x00000000c2700000, 0x00000000eab00000)
  object space 39936K, 23% used [0x00000000c0000000,0x00000000c0910878,0x00000000c2700000)
 Metaspace       used 20724K, capacity 21034K, committed 21248K, reserved 1067008K
  class space    used 2876K, capacity 3007K, committed 3072K, reserved 1048576K

Card table byte_map: [0x00007f39a1359000,0x00007f39a155a000] byte_map_base: 0x00007f39a0d59000

Marking Bits: (ParMarkBitMap*) 0x00007f39a49c33a0
 Begin Bits: [0x00007f3986000000, 0x00007f3987000000)
 End Bits:   [0x00007f3987000000, 0x00007f3988000000)

Polling page: 0x00007f39a5817000

CodeCache: size=245760Kb used=5461Kb max_used=5473Kb free=240298Kb
 bounds [0x00007f398d000000, 0x00007f398d560000, 0x00007f399c000000]
 total_blobs=1951 nmethods=1558 adapters=315
 compilation: enabled

Compilation events (10 events):
Event: 3,382 Thread 0x00007f399c0cf800 1556       3       org.codehaus.groovy.classgen.Verifier::getCovariantImplementation (545 bytes)
Event: 3,387 Thread 0x00007f399c0cf800 nmethod 1556 0x00007f398d54bc10 code [0x00007f398d54c380, 0x00007f398d551878]
Event: 3,387 Thread 0x00007f399c0cf800 1559       3       org.codehaus.groovy.ast.MethodNode::getTypeDescriptor (133 bytes)
Event: 3,390 Thread 0x00007f399c0cf800 nmethod 1559 0x00007f398d554c90 code [0x00007f398d554fe0, 0x00007f398d556c28]
Event: 3,390 Thread 0x00007f399c0cf800 1558       3       org.codehaus.groovy.ast.ClassNode::getSuperClass (70 bytes)
Event: 3,391 Thread 0x00007f399c0cf800 nmethod 1558 0x00007f398d546910 code [0x00007f398d546be0, 0x00007f398d5483a8]
Event: 3,391 Thread 0x00007f399c0cf800 1557       3       java.util.ArrayList::addAll (54 bytes)
Event: 3,392 Thread 0x00007f399c0cf800 nmethod 1557 0x00007f398d557e50 code [0x00007f398d558020, 0x00007f398d558708]
Event: 3,392 Thread 0x00007f399c0ce000 1560       4       java.lang.AbstractStringBuilder::append (50 bytes)
Event: 3,397 Thread 0x00007f399c0ce000 nmethod 1560 0x00007f398d55bb50 code [0x00007f398d55bce0, 0x00007f398d55c268]

GC Heap History (10 events):
Event: 0,854 GC heap after
Heap after GC invocations=2 (full 0):
 PSYoungGen      total 17408K, used 2017K [0x00000000eab00000, 0x00000000ecd00000, 0x0000000100000000)
  eden space 15360K, 0% used [0x00000000eab00000,0x00000000eab00000,0x00000000eba00000)
  from space 2048K, 98% used [0x00000000ebc00000,0x00000000ebdf85a0,0x00000000ebe00000)
  to   space 2048K, 0% used [0x00000000eba00000,0x00000000eba00000,0x00000000ebc00000)
 ParOldGen       total 39936K, used 1206K [0x00000000c0000000, 0x00000000c2700000, 0x00000000eab00000)
  object space 39936K, 3% used [0x00000000c0000000,0x00000000c012d968,0x00000000c2700000)
 Metaspace       used 6883K, capacity 7024K, committed 7296K, reserved 1056768K
  class space    used 832K, capacity 876K, committed 896K, reserved 1048576K
}
Event: 1,090 GC heap before
{Heap before GC invocations=3 (full 0):
 PSYoungGen      total 17408K, used 17377K [0x00000000eab00000, 0x00000000ecd00000, 0x0000000100000000)
  eden space 15360K, 100% used [0x00000000eab00000,0x00000000eba00000,0x00000000eba00000)
  from space 2048K, 98% used [0x00000000ebc00000,0x00000000ebdf85a0,0x00000000ebe00000)
  to   space 2048K, 0% used [0x00000000eba00000,0x00000000eba00000,0x00000000ebc00000)
 ParOldGen       total 39936K, used 1206K [0x00000000c0000000, 0x00000000c2700000, 0x00000000eab00000)
  object space 39936K, 3% used [0x00000000c0000000,0x00000000c012d968,0x00000000c2700000)
 Metaspace       used 7086K, capacity 7210K, committed 7424K, reserved 1056768K
  class space    used 866K, capacity 917K, committed 1024K, reserved 1048576K
Event: 1,094 GC heap after
Heap after GC invocations=3 (full 0):
 PSYoungGen      total 17408K, used 2032K [0x00000000eab00000, 0x00000000ecd00000, 0x0000000100000000)
  eden space 15360K, 0% used [0x00000000eab00000,0x00000000eab00000,0x00000000eba00000)
  from space 2048K, 99% used [0x00000000eba00000,0x00000000ebbfc010,0x00000000ebc00000)
  to   space 2048K, 0% used [0x00000000ecb00000,0x00000000ecb00000,0x00000000ecd00000)
 ParOldGen       total 39936K, used 1914K [0x00000000c0000000, 0x00000000c2700000, 0x00000000eab00000)
  object space 39936K, 4% used [0x00000000c0000000,0x00000000c01de828,0x00000000c2700000)
 Metaspace       used 7086K, capacity 7210K, committed 7424K, reserved 1056768K
  class space    used 866K, capacity 917K, committed 1024K, reserved 1048576K
}
Event: 1,355 GC heap before
{Heap before GC invocations=4 (full 0):
 PSYoungGen      total 17408K, used 17392K [0x00000000eab00000, 0x00000000ecd00000, 0x0000000100000000)
  eden space 15360K, 100% used [0x00000000eab00000,0x00000000eba00000,0x00000000eba00000)
  from space 2048K, 99% used [0x00000000eba00000,0x00000000ebbfc010,0x00000000ebc00000)
  to   space 2048K, 0% used [0x00000000ecb00000,0x00000000ecb00000,0x00000000ecd00000)
 ParOldGen       total 39936K, used 1914K [0x00000000c0000000, 0x00000000c2700000, 0x00000000eab00000)
  object space 39936K, 4% used [0x00000000c0000000,0x00000000c01de828,0x00000000c2700000)
 Metaspace       used 9068K, capacity 9314K, committed 9600K, reserved 1056768K
  class space    used 1192K, capacity 1293K, committed 1408K, reserved 1048576K
Event: 1,360 GC heap after
Heap after GC invocations=4 (full 0):
 PSYoungGen      total 32768K, used 2032K [0x00000000eab00000, 0x00000000ecd00000, 0x0000000100000000)
  eden space 30720K, 0% used [0x00000000eab00000,0x00000000eab00000,0x00000000ec900000)
  from space 2048K, 99% used [0x00000000ecb00000,0x00000000eccfc010,0x00000000ecd00000)
  to   space 2048K, 0% used [0x00000000ec900000,0x00000000ec900000,0x00000000ecb00000)
 ParOldGen       total 39936K, used 3550K [0x00000000c0000000, 0x00000000c2700000, 0x00000000eab00000)
  object space 39936K, 8% used [0x00000000c0000000,0x00000000c0377868,0x00000000c2700000)
 Metaspace       used 9068K, capacity 9314K, committed 9600K, reserved 1056768K
  class space    used 1192K, capacity 1293K, committed 1408K, reserved 1048576K
}
Event: 1,859 GC heap before
{Heap before GC invocations=5 (full 0):
 PSYoungGen      total 32768K, used 32752K [0x00000000eab00000, 0x00000000ecd00000, 0x0000000100000000)
  eden space 30720K, 100% used [0x00000000eab00000,0x00000000ec900000,0x00000000ec900000)
  from space 2048K, 99% used [0x00000000ecb00000,0x00000000eccfc010,0x00000000ecd00000)
  to   space 2048K, 0% used [0x00000000ec900000,0x00000000ec900000,0x00000000ecb00000)
 ParOldGen       total 39936K, used 3550K [0x00000000c0000000, 0x00000000c2700000, 0x00000000eab00000)
  object space 39936K, 8% used [0x00000000c0000000,0x00000000c0377868,0x00000000c2700000)
 Metaspace       used 13000K, capacity 13314K, committed 13440K, reserved 1060864K
  class space    used 1799K, capacity 1911K, committed 1920K, reserved 1048576K
Event: 1,865 GC heap after
Heap after GC invocations=5 (full 0):
 PSYoungGen      total 32768K, used 2016K [0x00000000eab00000, 0x00000000ef200000, 0x0000000100000000)
  eden space 30720K, 0% used [0x00000000eab00000,0x00000000eab00000,0x00000000ec900000)
  from space 2048K, 98% used [0x00000000ec900000,0x00000000ecaf8010,0x00000000ecb00000)
  to   space 5632K, 0% used [0x00000000eec80000,0x00000000eec80000,0x00000000ef200000)
 ParOldGen       total 39936K, used 7302K [0x00000000c0000000, 0x00000000c2700000, 0x00000000eab00000)
  object space 39936K, 18% used [0x00000000c0000000,0x00000000c0721868,0x00000000c2700000)
 Metaspace       used 13000K, capacity 13314K, committed 13440K, reserved 1060864K
  class space    used 1799K, capacity 1911K, committed 1920K, reserved 1048576K
}
Event: 2,408 GC heap before
{Heap before GC invocations=6 (full 0):
 PSYoungGen      total 32768K, used 32736K [0x00000000eab00000, 0x00000000ef200000, 0x0000000100000000)
  eden space 30720K, 100% used [0x00000000eab00000,0x00000000ec900000,0x00000000ec900000)
  from space 2048K, 98% used [0x00000000ec900000,0x00000000ecaf8010,0x00000000ecb00000)
  to   space 5632K, 0% used [0x00000000eec80000,0x00000000eec80000,0x00000000ef200000)
 ParOldGen       total 39936K, used 7302K [0x00000000c0000000, 0x00000000c2700000, 0x00000000eab00000)
  object space 39936K, 18% used [0x00000000c0000000,0x00000000c0721868,0x00000000c2700000)
 Metaspace       used 15373K, capacity 15654K, committed 16000K, reserved 1062912K
  class space    used 2197K, capacity 2329K, committed 2432K, reserved 1048576K
Event: 2,445 GC heap after
Heap after GC invocations=6 (full 0):
 PSYoungGen      total 66048K, used 5485K [0x00000000eab00000, 0x00000000ef400000, 0x0000000100000000)
  eden space 60416K, 0% used [0x00000000eab00000,0x00000000eab00000,0x00000000ee600000)
  from space 5632K, 97% used [0x00000000eec80000,0x00000000ef1db4a0,0x00000000ef200000)
  to   space 6656K, 0% used [0x00000000ee600000,0x00000000ee600000,0x00000000eec80000)
 ParOldGen       total 39936K, used 7310K [0x00000000c0000000, 0x00000000c2700000, 0x00000000eab00000)
  object space 39936K, 18% used [0x00000000c0000000,0x00000000c0723868,0x00000000c2700000)
 Metaspace       used 15373K, capacity 15654K, committed 16000K, reserved 1062912K
  class space    used 2197K, capacity 2329K, committed 2432K, reserved 1048576K
}
Event: 3,412 GC heap before
{Heap before GC invocations=7 (full 0):
 PSYoungGen      total 66048K, used 50494K [0x00000000eab00000, 0x00000000ef400000, 0x0000000100000000)
  eden space 60416K, 74% used [0x00000000eab00000,0x00000000ed6f4598,0x00000000ee600000)
  from space 5632K, 97% used [0x00000000eec80000,0x00000000ef1db4a0,0x00000000ef200000)
  to   space 6656K, 0% used [0x00000000ee600000,0x00000000ee600000,0x00000000eec80000)
 ParOldGen       total 39936K, used 7310K [0x00000000c0000000, 0x00000000c2700000, 0x00000000eab00000)
  object space 39936K, 18% used [0x00000000c0000000,0x00000000c0723868,0x00000000c2700000)
 Metaspace       used 20724K, capacity 21034K, committed 21248K, reserved 1067008K
  class space    used 2876K, capacity 3007K, committed 3072K, reserved 1048576K

Deoptimization events (10 events):
Event: 1,601 Thread 0x00007f393c00d000 Uncommon trap: reason=class_check action=maybe_recompile pc=0x00007f398d27a844 method=java.util.HashMap.putVal(ILjava/lang/Object;Ljava/lang/Object;ZZ)Ljava/lang/Object; @ 203
Event: 1,956 Thread 0x00007f393c00d000 Uncommon trap: reason=class_check action=maybe_recompile pc=0x00007f398d277c3c method=java.util.regex.Matcher.match(II)Z @ 86
Event: 1,986 Thread 0x00007f393c00d000 Uncommon trap: reason=class_check action=maybe_recompile pc=0x00007f398d277c3c method=java.util.regex.Matcher.match(II)Z @ 86
Event: 1,986 Thread 0x00007f393c00d000 Uncommon trap: reason=class_check action=maybe_recompile pc=0x00007f398d277c3c method=java.util.regex.Matcher.match(II)Z @ 86
Event: 2,148 Thread 0x00007f393c00d000 Uncommon trap: reason=unstable_if action=reinterpret pc=0x00007f398d3fd760 method=java.lang.String.lastIndexOf([CII[CIII)I @ 66
Event: 2,720 Thread 0x00007f393c00d000 Uncommon trap: reason=unstable_if action=reinterpret pc=0x00007f398d28c88c method=java.io.File.getName()Ljava/lang/String; @ 16
Event: 3,003 Thread 0x00007f393c00d000 Uncommon trap: reason=unstable_if action=reinterpret pc=0x00007f398d197d44 method=java.lang.AbstractStringBuilder.append(Ljava/lang/String;)Ljava/lang/AbstractStringBuilder; @ 1
Event: 3,003 Thread 0x00007f393c00d000 Uncommon trap: reason=unstable_if action=reinterpret pc=0x00007f398d17c6d0 method=java.lang.AbstractStringBuilder.append(Ljava/lang/String;)Ljava/lang/AbstractStringBuilder; @ 1
Event: 3,303 Thread 0x00007f393c00d000 Uncommon trap: reason=unstable_if action=reinterpret pc=0x00007f398d412d7c method=java.lang.ClassLoader.getClassLoadingLock(Ljava/lang/String;)Ljava/lang/Object; @ 6
Event: 3,323 Thread 0x00007f393c00d000 Uncommon trap: reason=unstable_if action=reinterpret pc=0x00007f398d377f78 method=java.util.LinkedHashMap.afterNodeInsertion(Z)V @ 1

Classes redefined (0 events):
No events

Internal exceptions (10 events):
Event: 1,558 Thread 0x00007f393c009000 Exception <a 'java/lang/NoSuchMethodError': <clinit>> (0x00000000eb3cdb30) thrown at [/build/openjdk-8-pREaNj/openjdk-8-8u181-b13/src/hotspot/src/share/vm/prims/jni.cpp, line 1613]
Event: 1,566 Thread 0x00007f393c009000 Exception <a 'java/lang/NoSuchMethodError': <clinit>> (0x00000000eb4057e0) thrown at [/build/openjdk-8-pREaNj/openjdk-8-8u181-b13/src/hotspot/src/share/vm/prims/jni.cpp, line 1613]
Event: 1,572 Thread 0x00007f393c009000 Exception <a 'java/lang/NoSuchMethodError': <clinit>> (0x00000000eb43d270) thrown at [/build/openjdk-8-pREaNj/openjdk-8-8u181-b13/src/hotspot/src/share/vm/prims/jni.cpp, line 1613]
Event: 1,573 Thread 0x00007f393c009000 Exception <a 'java/lang/NoSuchMethodError': <clinit>> (0x00000000eb448608) thrown at [/build/openjdk-8-pREaNj/openjdk-8-8u181-b13/src/hotspot/src/share/vm/prims/jni.cpp, line 1613]
Event: 2,757 Thread 0x00007f393c00d000 Exception <a 'java/lang/NoSuchMethodError': <clinit>> (0x00000000eb9f1b30) thrown at [/build/openjdk-8-pREaNj/openjdk-8-8u181-b13/src/hotspot/src/share/vm/prims/jni.cpp, line 1613]
Event: 2,758 Thread 0x00007f393c00d000 Exception <a 'java/lang/NoSuchMethodError': <clinit>> (0x00000000eb9f4300) thrown at [/build/openjdk-8-pREaNj/openjdk-8-8u181-b13/src/hotspot/src/share/vm/prims/jni.cpp, line 1613]
Event: 2,759 Thread 0x00007f393c00d000 Exception <a 'java/lang/NoSuchMethodError': <clinit>> (0x00000000eba005c8) thrown at [/build/openjdk-8-pREaNj/openjdk-8-8u181-b13/src/hotspot/src/share/vm/prims/jni.cpp, line 1613]
Event: 2,762 Thread 0x00007f393c00d000 Exception <a 'java/lang/NoSuchMethodError': <clinit>> (0x00000000eba13858) thrown at [/build/openjdk-8-pREaNj/openjdk-8-8u181-b13/src/hotspot/src/share/vm/prims/jni.cpp, line 1613]
Event: 3,002 Thread 0x00007f393c00d000 Implicit null exception at 0x00007f398d197836 to 0x00007f398d197d29
Event: 3,003 Thread 0x00007f393c00d000 Implicit null exception at 0x00007f398d17c1f6 to 0x00007f398d17c6b9

Events (10 events):
Event: 3,408 Thread 0x00007f393c00d000 DEOPT UNPACKING pc=0x00007f398d0474c4 sp=0x00007f3944cf3fe0 mode 1
Event: 3,409 loading class org/codehaus/groovy/classgen/asm/OptimizingStatementWriter
Event: 3,409 loading class org/codehaus/groovy/classgen/asm/OptimizingStatementWriter done
Event: 3,409 Thread 0x00007f393c00d000 DEOPT PACKING pc=0x00007f398d542c9c sp=0x00007f3944cf3e80
Event: 3,409 Thread 0x00007f393c00d000 DEOPT UNPACKING pc=0x00007f398d0474c4 sp=0x00007f3944cf3cc0 mode 1
Event: 3,409 Thread 0x00007f393c00d000 DEOPT PACKING pc=0x00007f398d542a3c sp=0x00007f3944cf4010
Event: 3,409 Thread 0x00007f393c00d000 DEOPT UNPACKING pc=0x00007f398d0474c4 sp=0x00007f3944cf3e50 mode 1
Event: 3,409 Thread 0x00007f393c00d000 DEOPT PACKING pc=0x00007f398d542a3c sp=0x00007f3944cf41a0
Event: 3,409 Thread 0x00007f393c00d000 DEOPT UNPACKING pc=0x00007f398d0474c4 sp=0x00007f3944cf3fe0 mode 1
Event: 3,412 Executing VM operation: CollectForMetadataAllocation


Dynamic libraries:
00400000-00401000 r-xp 00000000 08:02 394365                             /usr/lib/jvm/java-8-openjdk-amd64/jre/bin/java
00600000-00601000 r--p 00000000 08:02 394365                             /usr/lib/jvm/java-8-openjdk-amd64/jre/bin/java
00601000-00602000 rw-p 00001000 08:02 394365                             /usr/lib/jvm/java-8-openjdk-amd64/jre/bin/java
01db7000-01dd8000 rw-p 00000000 00:00 0                                  [heap]
c0000000-c2700000 rw-p 00000000 00:00 0 
c2700000-eab00000 ---p 00000000 00:00 0 
eab00000-ef400000 rw-p 00000000 00:00 0 
f3200000-100000000 ---p 00000000 00:00 0 
100000000-100300000 rw-p 00000000 00:00 0 
100300000-140000000 ---p 00000000 00:00 0 
7f3917e00000-7f3917fc0000 rw-p 00000000 00:00 0 
7f3917fc0000-7f3918000000 ---p 00000000 00:00 0 
7f3918000000-7f3918021000 rw-p 00000000 00:00 0 
7f3918021000-7f391c000000 ---p 00000000 00:00 0 
7f391c000000-7f391c021000 rw-p 00000000 00:00 0 
7f391c021000-7f3920000000 ---p 00000000 00:00 0 
7f3920000000-7f3920021000 rw-p 00000000 00:00 0 
7f3920021000-7f3924000000 ---p 00000000 00:00 0 
7f3924000000-7f39241e6000 rw-p 00000000 00:00 0 
7f39241e6000-7f3928000000 ---p 00000000 00:00 0 
7f3928000000-7f39297c3000 rw-p 00000000 00:00 0 
7f39297c3000-7f392c000000 ---p 00000000 00:00 0 
7f392c000000-7f392c021000 rw-p 00000000 00:00 0 
7f392c021000-7f3930000000 ---p 00000000 00:00 0 
7f3930000000-7f3930023000 rw-p 00000000 00:00 0 
7f3930023000-7f3934000000 ---p 00000000 00:00 0 
7f3934000000-7f3934021000 rw-p 00000000 00:00 0 
7f3934021000-7f3938000000 ---p 00000000 00:00 0 
7f3938000000-7f3938021000 rw-p 00000000 00:00 0 
7f3938021000-7f393c000000 ---p 00000000 00:00 0 
7f393c000000-7f393c021000 rw-p 00000000 00:00 0 
7f393c021000-7f3940000000 ---p 00000000 00:00 0 
7f3940000000-7f3940068000 rw-p 00000000 00:00 0 
7f3940068000-7f3944000000 ---p 00000000 00:00 0 
7f394407c000-7f394427c000 rw-p 00000000 00:00 0 
7f394427c000-7f39442f6000 r--s 010ff000 08:02 393921                     /usr/lib/jvm/java-8-openjdk-amd64/lib/tools.jar
7f39442f6000-7f39442f9000 ---p 00000000 00:00 0 
7f39442f9000-7f39445f7000 rw-p 00000000 00:00 0 
7f39445f7000-7f39445fa000 ---p 00000000 00:00 0 
7f39445fa000-7f39446f8000 rw-p 00000000 00:00 0 
7f39446f8000-7f39446fb000 ---p 00000000 00:00 0 
7f39446fb000-7f39449f9000 rw-p 00000000 00:00 0 
7f39449f9000-7f39449fc000 ---p 00000000 00:00 0 
7f39449fc000-7f3944afa000 rw-p 00000000 00:00 0 
7f3944afa000-7f3944afd000 ---p 00000000 00:00 0 
7f3944afd000-7f3944bfb000 rw-p 00000000 00:00 0 
7f3944bfb000-7f3944bfe000 ---p 00000000 00:00 0 
7f3944bfe000-7f3944cfc000 rw-p 00000000 00:00 0 
7f3944cfc000-7f3944cff000 ---p 00000000 00:00 0 
7f3944cff000-7f3944dfd000 rw-p 00000000 00:00 0 
7f3944dfd000-7f3944e00000 ---p 00000000 00:00 0 
7f3944e00000-7f3944efe000 rw-p 00000000 00:00 0 
7f3944efe000-7f3944f01000 ---p 00000000 00:00 0 
7f3944f01000-7f3948000000 rw-p 00000000 00:00 0 
7f3948000000-7f3948021000 rw-p 00000000 00:00 0 
7f3948021000-7f394c000000 ---p 00000000 00:00 0 
7f394c000000-7f394c021000 rw-p 00000000 00:00 0 
7f394c021000-7f3950000000 ---p 00000000 00:00 0 
7f3950000000-7f39526a0000 rw-p 00000000 00:00 0 
7f39526a0000-7f3954000000 ---p 00000000 00:00 0 
7f3954000000-7f39548cd000 rw-p 00000000 00:00 0 
7f39548cd000-7f3958000000 ---p 00000000 00:00 0 
7f3958000000-7f3958021000 rw-p 00000000 00:00 0 
7f3958021000-7f395c000000 ---p 00000000 00:00 0 
7f395c000000-7f395ee19000 rw-p 00000000 00:00 0 
7f395ee19000-7f3960000000 ---p 00000000 00:00 0 
7f3960000000-7f3960021000 rw-p 00000000 00:00 0 
7f3960021000-7f3964000000 ---p 00000000 00:00 0 
7f3964000000-7f3964057000 rw-p 00000000 00:00 0 
7f3964057000-7f3968000000 ---p 00000000 00:00 0 
7f3968000000-7f3968021000 rw-p 00000000 00:00 0 
7f3968021000-7f396c000000 ---p 00000000 00:00 0 
7f396c000000-7f396c021000 rw-p 00000000 00:00 0 
7f396c021000-7f3970000000 ---p 00000000 00:00 0 
7f3970000000-7f3970021000 rw-p 00000000 00:00 0 
7f3970021000-7f3974000000 ---p 00000000 00:00 0 
7f3974000000-7f3974021000 rw-p 00000000 00:00 0 
7f3974021000-7f3978000000 ---p 00000000 00:00 0 
7f3978000000-7f3978021000 rw-p 00000000 00:00 0 
7f3978021000-7f397c000000 ---p 00000000 00:00 0 
7f397c000000-7f397c021000 rw-p 00000000 00:00 0 
7f397c021000-7f3980000000 ---p 00000000 00:00 0 
7f3980000000-7f3980021000 rw-p 00000000 00:00 0 
7f3980021000-7f3984000000 ---p 00000000 00:00 0 
7f3984046000-7f3984047000 r--p 00000000 08:02 664715                     /usr/share/locale-langpack/en_GB/LC_MESSAGES/libc.mo
7f3984047000-7f398404a000 ---p 00000000 00:00 0 
7f398404a000-7f3984148000 rw-p 00000000 00:00 0 
7f3984148000-7f398414f000 r--s 00000000 08:02 524972                     /usr/lib/x86_64-linux-gnu/gconv/gconv-modules.cache
7f398414f000-7f3984152000 ---p 00000000 00:00 0 
7f3984152000-7f3984250000 rw-p 00000000 00:00 0 
7f3984250000-7f3984255000 r--s 0009d000 08:02 392771                     /usr/lib/jvm/java-8-openjdk-amd64/jre/lib/jsse.jar
7f3984255000-7f3984455000 rw-p 00000000 00:00 0 
7f3984455000-7f398445e000 r-xp 00000000 08:02 394311                     /usr/lib/jvm/java-8-openjdk-amd64/jre/lib/amd64/libmanagement.so
7f398445e000-7f398465d000 ---p 00009000 08:02 394311                     /usr/lib/jvm/java-8-openjdk-amd64/jre/lib/amd64/libmanagement.so
7f398465d000-7f398465e000 r--p 00008000 08:02 394311                     /usr/lib/jvm/java-8-openjdk-amd64/jre/lib/amd64/libmanagement.so
7f398465e000-7f398465f000 rw-p 00009000 08:02 394311                     /usr/lib/jvm/java-8-openjdk-amd64/jre/lib/amd64/libmanagement.so
7f398465f000-7f3984661000 r--s 00009000 08:02 523502                     /home/ben/.gradle/wrapper/dists/gradle-4.9-bin/e9cinqnqvph59rr7g70qubb4t/gradle-4.9/lib/plugins/gradle-tooling-api-builders-4.9.jar
7f3984661000-7f3984666000 r--s 00019000 08:02 523486                     /home/ben/.gradle/wrapper/dists/gradle-4.9-bin/e9cinqnqvph59rr7g70qubb4t/gradle-4.9/lib/plugins/gradle-testing-native-4.9.jar
7f3984666000-7f3984668000 r--s 0000d000 08:02 523603                     /home/ben/.gradle/wrapper/dists/gradle-4.9-bin/e9cinqnqvph59rr7g70qubb4t/gradle-4.9/lib/plugins/jcommander-1.47.jar
7f3984668000-7f3984671000 r--s 00089000 08:02 523563                     /home/ben/.gradle/wrapper/dists/gradle-4.9-bin/e9cinqnqvph59rr7g70qubb4t/gradle-4.9/lib/plugins/testng-6.3.1.jar
7f3984671000-7f3984676000 r--s 0005a000 08:02 523567                     /home/ben/.gradle/wrapper/dists/gradle-4.9-bin/e9cinqnqvph59rr7g70qubb4t/gradle-4.9/lib/plugins/bsh-2.0b6.jar
7f3984676000-7f398467a000 r--s 0001c000 08:02 523507                     /home/ben/.gradle/wrapper/dists/gradle-4.9-bin/e9cinqnqvph59rr7g70qubb4t/gradle-4.9/lib/plugins/gradle-testing-jvm-4.9.jar
7f398467a000-7f398467c000 r--s 0000e000 08:02 523601                     /home/ben/.gradle/wrapper/dists/gradle-4.9-bin/e9cinqnqvph59rr7g70qubb4t/gradle-4.9/lib/plugins/junit-platform-commons-1.0.3.jar
7f398467c000-7f398467d000 r--s 00001000 08:02 523606                     /home/ben/.gradle/wrapper/dists/gradle-4.9-bin/e9cinqnqvph59rr7g70qubb4t/gradle-4.9/lib/plugins/opentest4j-1.0.0.jar
7f398467d000-7f3984680000 r--s 00013000 08:02 523600                     /home/ben/.gradle/wrapper/dists/gradle-4.9-bin/e9cinqnqvph59rr7g70qubb4t/gradle-4.9/lib/plugins/junit-platform-engine-1.0.3.jar
7f3984680000-7f3984681000 r--s 00000000 08:02 523602                     /home/ben/.gradle/wrapper/dists/gradle-4.9-bin/e9cinqnqvph59rr7g70qubb4t/gradle-4.9/lib/plugins/apiguardian-api-1.0.0.jar
7f3984681000-7f3984683000 r--s 0000c000 08:02 523568                     /home/ben/.gradle/wrapper/dists/gradle-4.9-bin/e9cinqnqvph59rr7g70qubb4t/gradle-4.9/lib/plugins/junit-platform-launcher-1.0.3.jar
7f3984683000-7f3984684000 r--s 00003000 08:02 523506                     /home/ben/.gradle/wrapper/dists/gradle-4.9-bin/e9cinqnqvph59rr7g70qubb4t/gradle-4.9/lib/plugins/gradle-testing-junit-platform-4.9.jar
7f3984684000-7f398468c000 r--s 00034000 08:02 523514                     /home/ben/.gradle/wrapper/dists/gradle-4.9-bin/e9cinqnqvph59rr7g70qubb4t/gradle-4.9/lib/plugins/gradle-testing-base-4.9.jar
7f398468c000-7f3984693000 r--s 00043000 08:02 523558                     /home/ben/.gradle/wrapper/dists/gradle-4.9-bin/e9cinqnqvph59rr7g70qubb4t/gradle-4.9/lib/plugins/bcpg-jdk15on-1.58.jar
7f3984693000-7f3984696000 r--s 00010000 08:02 523484                     /home/ben/.gradle/wrapper/dists/gradle-4.9-bin/e9cinqnqvph59rr7g70qubb4t/gradle-4.9/lib/plugins/gradle-signing-4.9.jar
7f3984696000-7f3984698000 r--s 00007000 08:02 523492                     /home/ben/.gradle/wrapper/dists/gradle-4.9-bin/e9cinqnqvph59rr7g70qubb4t/gradle-4.9/lib/plugins/gradle-scala-4.9.jar
7f3984698000-7f3984699000 r--s 00004000 08:02 523524                     /home/ben/.gradle/wrapper/dists/gradle-4.9-bin/e9cinqnqvph59rr7g70qubb4t/gradle-4.9/lib/plugins/gradle-resources-sftp-4.9.jar
7f3984699000-7f39846a2000 r--s 0005a000 08:02 523528                     /home/ben/.gradle/wrapper/dists/gradle-4.9-bin/e9cinqnqvph59rr7g70qubb4t/gradle-4.9/lib/plugins/aws-java-sdk-kms-1.11.267.jar
7f39846a2000-7f39846a4000 r--s 00005000 08:02 523573                     /home/ben/.gradle/wrapper/dists/gradle-4.9-bin/e9cinqnqvph59rr7g70qubb4t/gradle-4.9/lib/plugins/jmespath-java-1.11.267.jar
7f39846a4000-7f39846b6000 r--s 000bb000 08:02 523527                     /home/ben/.gradle/wrapper/dists/gradle-4.9-bin/e9cinqnqvph59rr7g70qubb4t/gradle-4.9/lib/plugins/aws-java-sdk-s3-1.11.267.jar
7f39846b6000-7f39846c0000 r--s 00081000 08:02 523597                     /home/ben/.gradle/wrapper/dists/gradle-4.9-bin/e9cinqnqvph59rr7g70qubb4t/gradle-4.9/lib/plugins/ion-java-1.0.2.jar
7f39846c0000-7f39846d5000 r--s 000bd000 08:02 523529                     /home/ben/.gradle/wrapper/dists/gradle-4.9-bin/e9cinqnqvph59rr7g70qubb4t/gradle-4.9/lib/plugins/aws-java-sdk-core-1.11.267.jar
7f39846d5000-7f39846d7000 r--s 00004000 08:02 523520                     /home/ben/.gradle/wrapper/dists/gradle-4.9-bin/e9cinqnqvph59rr7g70qubb4t/gradle-4.9/lib/plugins/gradle-resources-s3-4.9.jar
7f39846d7000-7f39846e7000 r--s 00088000 08:02 523577                     /home/ben/.gradle/wrapper/dists/gradle-4.9-bin/e9cinqnqvph59rr7g70qubb4t/gradle-4.9/lib/plugins/joda-time-2.8.2.jar
7f39846e7000-7f39846fa000 r--s 00136000 08:02 523574                     /home/ben/.gradle/wrapper/dists/gradle-4.9-bin/e9cinqnqvph59rr7g70qubb4t/gradle-4.9/lib/plugins/jackson-databind-2.9.4.jar
7f39846fa000-7f39846fd000 r--s 0000e000 08:02 523576                     /home/ben/.gradle/wrapper/dists/gradle-4.9-bin/e9cinqnqvph59rr7g70qubb4t/gradle-4.9/lib/plugins/jackson-annotations-2.9.4.jar
7f39846fd000-7f3984701000 r--s 0004b000 08:02 523575                     /home/ben/.gradle/wrapper/dists/gradle-4.9-bin/e9cinqnqvph59rr7g70qubb4t/gradle-4.9/lib/plugins/jackson-core-2.9.4.jar
7f3984701000-7f3984702000 r--s 00001000 08:02 523541                     /home/ben/.gradle/wrapper/dists/gradle-4.9-bin/e9cinqnqvph59rr7g70qubb4t/gradle-4.9/lib/plugins/google-http-client-jackson2-1.23.0.jar
7f3984702000-7f398470b000 r--s 0004f000 08:02 523542                     /home/ben/.gradle/wrapper/dists/gradle-4.9-bin/e9cinqnqvph59rr7g70qubb4t/gradle-4.9/lib/plugins/google-http-client-1.23.0.jar
7f398470b000-7f398470e000 r--s 0000d000 08:02 523540                     /home/ben/.gradle/wrapper/dists/gradle-4.9-bin/e9cinqnqvph59rr7g70qubb4t/gradle-4.9/lib/plugins/google-oauth-client-1.23.0.jar
7f398470e000-7f3984713000 r--s 0002c000 08:02 523539                     /home/ben/.gradle/wrapper/dists/gradle-4.9-bin/e9cinqnqvph59rr7g70qubb4t/gradle-4.9/lib/plugins/google-api-client-1.23.0.jar
7f3984713000-7f3984717000 r--s 0001c000 08:02 523538                     /home/ben/.gradle/wrapper/dists/gradle-4.9-bin/e9cinqnqvph59rr7g70qubb4t/gradle-4.9/lib/plugins/google-api-services-storage-v1-rev116-1.23.0.jar
7f3984717000-7f3984719000 r--s 00003000 08:02 523521                     /home/ben/.gradle/wrapper/dists/gradle-4.9-bin/e9cinqnqvph59rr7g70qubb4t/gradle-4.9/lib/plugins/gradle-resources-gcs-4.9.jar
7f3984719000-7f398471c000 r--s 0000f000 08:02 523519                     /home/ben/.gradle/wrapper/dists/gradle-4.9-bin/e9cinqnqvph59rr7g70qubb4t/gradle-4.9/lib/plugins/gradle-reporting-4.9.jar
7f398471c000-7f398471e000 r--s 00007000 08:02 523513                     /home/ben/.gradle/wrapper/dists/gradle-4.9-bin/e9cinqnqvph59rr7g70qubb4t/gradle-4.9/lib/plugins/gradle-publish-4.9.jar
7f398471e000-7f3984720000 r--s 00009000 08:02 523549                     /home/ben/.gradle/wrapper/dists/gradle-4.9-bin/e9cinqnqvph59rr7g70qubb4t/gradle-4.9/lib/plugins/commons-cli-1.2.jar
7f3984720000-7f3984726000 r--s 0003c000 08:02 523501                     /home/ben/.gradle/wrapper/dists/gradle-4.9-bin/e9cinqnqvph59rr7g70qubb4t/gradle-4.9/lib/plugins/gradle-plugins-4.9.jar
7f3984726000-7f3984728000 r--s 0000a000 08:02 523488                     /home/ben/.gradle/wrapper/dists/gradle-4.9-bin/e9cinqnqvph59rr7g70qubb4t/gradle-4.9/lib/plugins/gradle-plugin-development-4.9.jar
7f3984728000-7f398472f000 r--s 0002f000 08:02 523496                     /home/ben/.gradle/wrapper/dists/gradle-4.9-bin/e9cinqnqvph59rr7g70qubb4t/gradle-4.9/lib/plugins/gradle-platform-play-4.9.jar
7f398472f000-7f3984735000 r--s 00033000 08:02 523564                     /home/ben/.gradle/wrapper/dists/gradle-4.9-bin/e9cinqnqvph59rr7g70qubb4t/gradle-4.9/lib/plugins/snakeyaml-1.6.jar
7f3984735000-7f3984746000 r--s 00075000 08:02 523511                     /home/ben/.gradle/wrapper/dists/gradle-4.9-bin/e9cinqnqvph59rr7g70qubb4t/gradle-4.9/lib/plugins/gradle-platform-native-4.9.jar
7f3984746000-7f398474a000 r--s 0001b000 08:02 523510                     /home/ben/.gradle/wrapper/dists/gradle-4.9-bin/e9cinqnqvph59rr7g70qubb4t/gradle-4.9/lib/plugins/gradle-platform-jvm-4.9.jar
7f398474a000-7f3984751000 r--s 00029000 08:02 523515                     /home/ben/.gradle/wrapper/dists/gradle-4.9-bin/e9cinqnqvph59rr7g70qubb4t/gradle-4.9/lib/plugins/gradle-platform-base-4.9.jar
7f3984751000-7f398477c000 r--s 00247000 08:02 523550                     /home/ben/.gradle/wrapper/dists/gradle-4.9-bin/e9cinqnqvph59rr7g70qubb4t/gradle-4.9/lib/plugins/biz.aQute.bndlib-3.4.0.jar
7f398477c000-7f398477d000 r--s 00004000 08:02 523483                     /home/ben/.gradle/wrapper/dists/gradle-4.9-bin/e9cinqnqvph59rr7g70qubb4t/gradle-4.9/lib/plugins/gradle-osgi-4.9.jar
7f398477d000-7f3984780000 r--s 0000c000 08:02 523555                     /home/ben/.gradle/wrapper/dists/gradle-4.9-bin/e9cinqnqvph59rr7g70qubb4t/gradle-4.9/lib/plugins/pmaven-groovy-0.8-20100325.jar
7f3984780000-7f3984781000 r--s 00004000 08:02 523554                     /home/ben/.gradle/wrapper/dists/gradle-4.9-bin/e9cinqnqvph59rr7g70qubb4t/gradle-4.9/lib/plugins/pmaven-common-0.8-20100325.jar
7f3984781000-7f3984782000 r--s 00007000 08:02 523537                     /home/ben/.gradle/wrapper/dists/gradle-4.9-bin/e9cinqnqvph59rr7g70qubb4t/gradle-4.9/lib/plugins/wagon-http-shared4-2.4.jar
7f3984782000-7f3984783000 r--s 00002000 08:02 523536                     /home/ben/.gradle/wrapper/dists/gradle-4.9-bin/e9cinqnqvph59rr7g70qubb4t/gradle-4.9/lib/plugins/wagon-http-2.4.jar
7f3984783000-7f3984784000 r--s 00002000 08:02 523556                     /home/ben/.gradle/wrapper/dists/gradle-4.9-bin/e9cinqnqvph59rr7g70qubb4t/gradle-4.9/lib/plugins/wagon-file-2.4.jar
7f3984784000-7f3984786000 r--s 00006000 08:02 523557                     /home/ben/.gradle/wrapper/dists/gradle-4.9-bin/e9cinqnqvph59rr7g70qubb4t/gradle-4.9/lib/plugins/aether-connector-wagon-1.13.1.jar
7f3984786000-7f398478d000 r--s 0002d000 08:02 523489                     /home/ben/.gradle/wrapper/dists/gradle-4.9-bin/e9cinqnqvph59rr7g70qubb4t/gradle-4.9/lib/plugins/gradle-maven-4.9.jar
7f398478d000-7f3984790000 r--s 0000b000 08:02 523505                     /home/ben/.gradle/wrapper/dists/gradle-4.9-bin/e9cinqnqvph59rr7g70qubb4t/gradle-4.9/lib/plugins/gradle-language-scala-4.9.jar
7f3984790000-7f398479c000 r--s 0005d000 08:02 523487                     /home/ben/.gradle/wrapper/dists/gradle-4.9-bin/e9cinqnqvph59rr7g70qubb4t/gradle-4.9/lib/plugins/gradle-language-native-4.9.jar
7f398479c000-7f398479e000 r--s 00005000 08:02 523509                     /home/ben/.gradle/wrapper/dists/gradle-4.9-bin/e9cinqnqvph59rr7g70qubb4t/gradle-4.9/lib/plugins/gradle-language-jvm-4.9.jar
7f398479e000-7f39847a6000 r--s 0003c000 08:02 523508                     /home/ben/.gradle/wrapper/dists/gradle-4.9-bin/e9cinqnqvph59rr7g70qubb4t/gradle-4.9/lib/plugins/gradle-language-java-4.9.jar
7f39847a6000-7f39847a8000 r--s 0000b000 08:02 523504                     /home/ben/.gradle/wrapper/dists/gradle-4.9-bin/e9cinqnqvph59rr7g70qubb4t/gradle-4.9/lib/plugins/gradle-language-groovy-4.9.jar
7f39847a8000-7f39847af000 r--s 00035000 08:02 523561                     /home/ben/.gradle/wrapper/dists/gradle-4.9-bin/e9cinqnqvph59rr7g70qubb4t/gradle-4.9/lib/plugins/simple-4.1.21.jar
7f39847af000-7f39847bb000 r--s 00100000 08:02 523559                     /home/ben/.gradle/wrapper/dists/gradle-4.9-bin/e9cinqnqvph59rr7g70qubb4t/gradle-4.9/lib/plugins/rhino-1.7R3.jar
7f39847bb000-7f39847bf000 r--s 00012000 08:02 523497                     /home/ben/.gradle/wrapper/dists/gradle-4.9-bin/e9cinqnqvph59rr7g70qubb4t/gradle-4.9/lib/plugins/gradle-javascript-4.9.jar
7f39847bf000-7f39847c3000 r--s 00010000 08:02 523499                     /home/ben/.gradle/wrapper/dists/gradle-4.9-bin/e9cinqnqvph59rr7g70qubb4t/gradle-4.9/lib/plugins/gradle-jacoco-4.9.jar
7f39847c3000-7f39847c6000 r--s 00013000 08:02 523498                     /home/ben/.gradle/wrapper/dists/gradle-4.9-bin/e9cinqnqvph59rr7g70qubb4t/gradle-4.9/lib/plugins/gradle-ivy-4.9.jar
7f39847c6000-7f39847c7000 r--s 00002000 08:02 523490                     /home/ben/.gradle/wrapper/dists/gradle-4.9-bin/e9cinqnqvph59rr7g70qubb4t/gradle-4.9/lib/plugins/gradle-ide-play-4.9.jar
7f39847c7000-7f39847c8000 r--s 00011000 08:02 523565                     /home/ben/.gradle/wrapper/dists/gradle-4.9-bin/e9cinqnqvph59rr7g70qubb4t/gradle-4.9/lib/plugins/dd-plist-1.20.jar
7f39847c8000-7f39847cf000 r--s 00032000 08:02 523485                     /home/ben/.gradle/wrapper/dists/gradle-4.9-bin/e9cinqnqvph59rr7g70qubb4t/gradle-4.9/lib/plugins/gradle-ide-native-4.9.jar
7f39847cf000-7f39847d9000 r--s 0005c000 08:02 523491                     /home/ben/.gradle/wrapper/dists/gradle-4.9-bin/e9cinqnqvph59rr7g70qubb4t/gradle-4.9/lib/plugins/gradle-ide-4.9.jar
7f39847d9000-7f39847da000 r--s 00008000 08:02 523495                     /home/ben/.gradle/wrapper/dists/gradle-4.9-bin/e9cinqnqvph59rr7g70qubb4t/gradle-4.9/lib/plugins/gradle-ear-4.9.jar
7f39847da000-7f39847dc000 r--s 00005000 08:02 523548                     /home/ben/.gradle/wrapper/dists/gradle-4.9-bin/e9cinqnqvph59rr7g70qubb4t/gradle-4.9/lib/plugins/jatl-0.2.2.jar
7f39847dc000-7f39847e3000 r--s 0003d000 08:02 523512                     /home/ben/.gradle/wrapper/dists/gradle-4.9-bin/e9cinqnqvph59rr7g70qubb4t/gradle-4.9/lib/plugins/gradle-diagnostics-4.9.jar
7f39847e3000-7f39847e8000 r--s 00028000 08:02 523482                     /home/ben/.gradle/wrapper/dists/gradle-4.9-bin/e9cinqnqvph59rr7g70qubb4t/gradle-4.9/lib/plugins/gradle-code-quality-4.9.jar
7f39847e8000-7f39847ea000 r--s 0000b000 08:02 523562                     /home/ben/.gradle/wrapper/dists/gradle-4.9-bin/e9cinqnqvph59rr7g70qubb4t/gradle-4.9/lib/plugins/maven-plugin-api-3.0.4.jar
7f39847ea000-7f39847ec000 r--s 0000b000 08:02 523584                     /home/ben/.gradle/wrapper/dists/gradle-4.9-bin/e9cinqnqvph59rr7g70qubb4t/gradle-4.9/lib/plugins/wagon-provider-api-2.4.jar
7f39847ec000-7f39847f2000 r--s 0003f000 08:02 523552                     /home/ben/.gradle/wrapper/dists/gradle-4.9-bin/e9cinqnqvph59rr7g70qubb4t/gradle-4.9/lib/plugins/maven-compat-3.0.4.jar
7f39847f2000-7f39847f6000 r--s 0001d000 08:02 523546                     /home/ben/.gradle/wrapper/dists/gradle-4.9-bin/e9cinqnqvph59rr7g70qubb4t/gradle-4.9/lib/plugins/xbean-reflect-3.4.jar
7f39847f6000-7f39847f8000 r--s 00009000 08:02 523599                     /home/ben/.gradle/wrapper/dists/gradle-4.9-bin/e9cinqnqvph59rr7g70qubb4t/gradle-4.9/lib/plugins/hamcrest-core-1.3.jar
7f39847f8000-7f3984800000 r--s 00045000 08:02 523566                     /home/ben/.gradle/wrapper/dists/gradle-4.9-bin/e9cinqnqvph59rr7g70qubb4t/gradle-4.9/lib/plugins/junit-4.12.jar
7f3984800000-7f3984802000 r--s 0000a000 08:02 523585                     /home/ben/.gradle/wrapper/dists/gradle-4.9-bin/e9cinqnqvph59rr7g70qubb4t/gradle-4.9/lib/plugins/plexus-classworlds-2.4.jar
7f3984802000-7f3984809000 r--s 0002e000 08:02 523545                     /home/ben/.gradle/wrapper/dists/gradle-4.9-bin/e9cinqnqvph59rr7g70qubb4t/gradle-4.9/lib/plugins/plexus-container-default-1.5.5.jar
7f3984809000-7f398480f000 r--s 00026000 08:02 523500                     /home/ben/.gradle/wrapper/dists/gradle-4.9-bin/e9cinqnqvph59rr7g70qubb4t/gradle-4.9/lib/plugins/gradle-build-init-4.9.jar
7f398480f000-7f3984816000 r--s 0002d000 08:02 523494                     /home/ben/.gradle/wrapper/dists/gradle-4.9-bin/e9cinqnqvph59rr7g70qubb4t/gradle-4.9/lib/plugins/gradle-build-comparison-4.9.jar
7f3984816000-7f3984817000 r--s 00002000 08:02 523522                     /home/ben/.gradle/wrapper/dists/gradle-4.9-bin/e9cinqnqvph59rr7g70qubb4t/gradle-4.9/lib/plugins/gradle-build-cache-http-4.9.jar
7f3984817000-7f3984819000 r--s 00009000 08:02 523481                     /home/ben/.gradle/wrapper/dists/gradle-4.9-bin/e9cinqnqvph59rr7g70qubb4t/gradle-4.9/lib/plugins/gradle-antlr-4.9.jar
7f3984819000-7f398481b000 r--s 00004000 08:02 523480                     /home/ben/.gradle/wrapper/dists/gradle-4.9-bin/e9cinqnqvph59rr7g70qubb4t/gradle-4.9/lib/plugins/gradle-announce-4.9.jar
7f398481b000-7f398481e000 r--s 00010000 08:02 523394                     /home/ben/.gradle/wrapper/dists/gradle-4.9-bin/e9cinqnqvph59rr7g70qubb4t/gradle-4.9/lib/gradle-kotlin-dsl-tooling-builders-0.18.4.jar
7f398481e000-7f3984820000 r--s 00005000 08:02 523393                     /home/ben/.gradle/wrapper/dists/gradle-4.9-bin/e9cinqnqvph59rr7g70qubb4t/gradle-4.9/lib/gradle-kotlin-dsl-provider-plugins-0.18.4.jar
7f3984820000-7f3984822000 r--s 0000c000 08:02 523516                     /home/ben/.gradle/wrapper/dists/gradle-4.9-bin/e9cinqnqvph59rr7g70qubb4t/gradle-4.9/lib/plugins/gradle-plugin-use-4.9.jar
7f3984822000-7f3984823000 r--s 00000000 08:02 523412                     /home/ben/.gradle/wrapper/dists/gradle-4.9-bin/e9cinqnqvph59rr7g70qubb4t/gradle-4.9/lib/gradle-runtime-api-info-4.9.jar
7f3984823000-7f3984828000 r--s 00040000 08:02 523572                     /home/ben/.gradle/wrapper/dists/gradle-4.9-bin/e9cinqnqvph59rr7g70qubb4t/gradle-4.9/lib/plugins/jsch-0.1.54.jar
7f3984828000-7f398484b000 r--s 00223000 08:02 523535                     /home/ben/.gradle/wrapper/dists/gradle-4.9-bin/e9cinqnqvph59rr7g70qubb4t/gradle-4.9/lib/plugins/org.eclipse.jgit-4.5.3.201708160445-r.jar
7f398484b000-7f398484d000 r--s 00007000 08:02 523526                     /home/ben/.gradle/wrapper/dists/gradle-4.9-bin/e9cinqnqvph59rr7g70qubb4t/gradle-4.9/lib/plugins/gradle-version-control-4.9.jar
7f398484d000-7f3984866000 r--s 0013a000 08:02 523571                     /home/ben/.gradle/wrapper/dists/gradle-4.9-bin/e9cinqnqvph59rr7g70qubb4t/gradle-4.9/lib/plugins/xercesImpl-2.12.0.jar
7f3984866000-7f3984869000 r--s 0001c000 08:02 523570                     /home/ben/.gradle/wrapper/dists/gradle-4.9-bin/e9cinqnqvph59rr7g70qubb4t/gradle-4.9/lib/plugins/nekohtml-1.9.20.jar
7f3984869000-7f398486f000 r--s 0005b000 08:02 523569                     /home/ben/.gradle/wrapper/dists/gradle-4.9-bin/e9cinqnqvph59rr7g70qubb4t/gradle-4.9/lib/plugins/jcifs-1.3.17.jar
7f398486f000-7f3984876000 r--s 00049000 08:02 523598                     /home/ben/.gradle/wrapper/dists/gradle-4.9-bin/e9cinqnqvph59rr7g70qubb4t/gradle-4.9/lib/plugins/httpcore-4.4.9.jar
7f3984876000-7f398487d000 r--s 0003f000 08:02 523544                     /home/ben/.gradle/wrapper/dists/gradle-4.9-bin/e9cinqnqvph59rr7g70qubb4t/gradle-4.9/lib/plugins/commons-codec-1.10.jar
7f398487d000-7f398488b000 r--s 000ae000 08:02 523543                     /home/ben/.gradle/wrapper/dists/gradle-4.9-bin/e9cinqnqvph59rr7g70qubb4t/gradle-4.9/lib/plugins/httpclient-4.5.5.jar
7f398488b000-7f398488d000 r--s 0000d000 08:02 523523                     /home/ben/.gradle/wrapper/dists/gradle-4.9-bin/e9cinqnqvph59rr7g70qubb4t/gradle-4.9/lib/plugins/gradle-resources-http-4.9.jar
7f398488d000-7f398488f000 r--s 0000d000 08:02 523518                     /home/ben/.gradle/wrapper/dists/gradle-4.9-bin/e9cinqnqvph59rr7g70qubb4t/gradle-4.9/lib/plugins/gradle-composite-builds-4.9.jar
7f398488f000-7f3984890000 r--s 00000000 08:02 523415                     /home/ben/.gradle/wrapper/dists/gradle-4.9-bin/e9cinqnqvph59rr7g70qubb4t/gradle-4.9/lib/gradle-installation-beacon-4.9.jar
7f3984890000-7f3984892000 r--s 00006000 08:02 523595                     /home/ben/.gradle/wrapper/dists/gradle-4.9-bin/e9cinqnqvph59rr7g70qubb4t/gradle-4.9/lib/plugins/maven-repository-metadata-3.0.4.jar
7f3984892000-7f3984894000 r--s 0000c000 08:02 523579                     /home/ben/.gradle/wrapper/dists/gradle-4.9-bin/e9cinqnqvph59rr7g70qubb4t/gradle-4.9/lib/plugins/maven-aether-provider-3.0.4.jar
7f3984894000-7f3984898000 r--s 00021000 08:02 523586                     /home/ben/.gradle/wrapper/dists/gradle-4.9-bin/e9cinqnqvph59rr7g70qubb4t/gradle-4.9/lib/plugins/maven-model-builder-3.0.4.jar
7f3984898000-7f398489a000 r--s 00026000 08:02 523587                     /home/ben/.gradle/wrapper/dists/gradle-4.9-bin/e9cinqnqvph59rr7g70qubb4t/gradle-4.9/lib/plugins/maven-model-3.0.4.jar
7f398489a000-7f398489c000 r--s 0000a000 08:02 523590                     /home/ben/.gradle/wrapper/dists/gradle-4.9-bin/e9cinqnqvph59rr7g70qubb4t/gradle-4.9/lib/plugins/maven-settings-3.0.4.jar
7f398489c000-7f398489e000 r--s 00002000 08:02 523607                     /home/ben/.gradle/wrapper/dists/gradle-4.9-bin/e9cinqnqvph59rr7g70qubb4t/gradle-4.9/lib/plugins/plexus-cipher-1.7.jar
7f398489e000-7f398489f000 r--s 00006000 08:02 523591                     /home/ben/.gradle/wrapper/dists/gradle-4.9-bin/e9cinqnqvph59rr7g70qubb4t/gradle-4.9/lib/plugins/plexus-sec-dispatcher-1.3.jar
7f398489f000-7f39848a1000 r--s 0000d000 08:02 523604                     /home/ben/.gradle/wrapper/dists/gradle-4.9-bin/e9cinqnqvph59rr7g70qubb4t/gradle-4.9/lib/plugins/plexus-interpolation-1.14.jar
7f39848a1000-7f39848a3000 r--s 00000000 08:02 523605                     /home/ben/.gradle/wrapper/dists/gradle-4.9-bin/e9cinqnqvph59rr7g70qubb4t/gradle-4.9/lib/plugins/plexus-component-annotations-1.5.5.jar
7f39848a3000-7f39848a6000 r--s 00008000 08:02 523588                     /home/ben/.gradle/wrapper/dists/gradle-4.9-bin/e9cinqnqvph59rr7g70qubb4t/gradle-4.9/lib/plugins/maven-settings-builder-3.0.4.jar
7f39848a6000-7f39848aa000 r--s 00035000 08:02 523596                     /home/ben/.gradle/wrapper/dists/gradle-4.9-bin/e9cinqnqvph59rr7g70qubb4t/gradle-4.9/lib/plugins/plexus-utils-3.0.8.jar
7f39848aa000-7f39848ac000 r--s 0000b000 08:02 523589                     /home/ben/.gradle/wrapper/dists/gradle-4.9-bin/e9cinqnqvph59rr7g70qubb4t/gradle-4.9/lib/plugins/maven-artifact-3.0.4.jar
7f39848ac000-7f39848ad000 r--s 00003000 08:02 523581                     /home/ben/.gradle/wrapper/dists/gradle-4.9-bin/e9cinqnqvph59rr7g70qubb4t/gradle-4.9/lib/plugins/aether-spi-1.13.1.jar
7f39848ad000-7f39848b0000 r--s 0001d000 08:02 523580                     /home/ben/.gradle/wrapper/dists/gradle-4.9-bin/e9cinqnqvph59rr7g70qubb4t/gradle-4.9/lib/plugins/aether-impl-1.13.1.jar
7f39848b0000-7f39848b4000 r--s 0001c000 08:02 523582                     /home/ben/.gradle/wrapper/dists/gradle-4.9-bin/e9cinqnqvph59rr7g70qubb4t/gradle-4.9/lib/plugins/aether-util-1.13.1.jar
7f39848b4000-7f39848b7000 r--s 00013000 08:02 523583                     /home/ben/.gradle/wrapper/dists/gradle-4.9-bin/e9cinqnqvph59rr7g70qubb4t/gradle-4.9/lib/plugins/aether-api-1.13.1.jar
7f39848b7000-7f39848c3000 r--s 0007d000 08:02 523553                     /home/ben/.gradle/wrapper/dists/gradle-4.9-bin/e9cinqnqvph59rr7g70qubb4t/gradle-4.9/lib/plugins/maven-core-3.0.4.jar
7f39848c3000-7f39848d2000 r--s 000d9000 08:02 523551                     /home/ben/.gradle/wrapper/dists/gradle-4.9-bin/e9cinqnqvph59rr7g70qubb4t/gradle-4.9/lib/plugins/ivy-2.2.0.jar
7f39848d2000-7f39848d7000 r--s 00034000 08:02 523560                     /home/ben/.gradle/wrapper/dists/gradle-4.9-bin/e9cinqnqvph59rr7g70qubb4t/gradle-4.9/lib/plugins/gson-2.7.jar
7f39848d7000-7f398492a000 r--s 00373000 08:02 523578                     /home/ben/.gradle/wrapper/dists/gradle-4.9-bin/e9cinqnqvph59rr7g70qubb4t/gradle-4.9/lib/plugins/bcprov-jdk15on-1.58.jar
7f398492a000-7f398492b000 r--s 00012000 08:02 523547                     /home/ben/.gradle/wrapper/dists/gradle-4.9-bin/e9cinqnqvph59rr7g70qubb4t/gradle-4.9/lib/plugins/asm-util-6.1.1.jar
7f398492b000-7f3984958000 r--s 00179000 08:02 523517                     /home/ben/.gradle/wrapper/dists/gradle-4.9-bin/e9cinqnqvph59rr7g70qubb4t/gradle-4.9/lib/plugins/gradle-dependency-management-4.9.jar
7f3984958000-7f398495b000 r--s 0000d000 08:02 523525                     /home/ben/.gradle/wrapper/dists/gradle-4.9-bin/e9cinqnqvph59rr7g70qubb4t/gradle-4.9/lib/plugins/gradle-workers-4.9.jar
7f398495b000-7f3984960000 r-xp 00000000 08:02 279478                     /home/ben/.gradle/native/25/linux-amd64/libnative-platform.so
7f3984960000-7f3984b5f000 ---p 00005000 08:02 279478                     /home/ben/.gradle/native/25/linux-amd64/libnative-platform.so
7f3984b5f000-7f3984b60000 rw-p 00004000 08:02 279478                     /home/ben/.gradle/native/25/linux-amd64/libnative-platform.so
7f3984b60000-7f3984b71000 r-xp 00000000 08:02 394326                     /usr/lib/jvm/java-8-openjdk-amd64/jre/lib/amd64/libnio.so
7f3984b71000-7f3984d71000 ---p 00011000 08:02 394326                     /usr/lib/jvm/java-8-openjdk-amd64/jre/lib/amd64/libnio.so
7f3984d71000-7f3984d72000 r--p 00011000 08:02 394326                     /usr/lib/jvm/java-8-openjdk-amd64/jre/lib/amd64/libnio.so
7f3984d72000-7f3984d73000 rw-p 00012000 08:02 394326                     /usr/lib/jvm/java-8-openjdk-amd64/jre/lib/amd64/libnio.so
7f3984d73000-7f3984d8a000 r-xp 00000000 08:02 394306                     /usr/lib/jvm/java-8-openjdk-amd64/jre/lib/amd64/libnet.so
7f3984d8a000-7f3984f89000 ---p 00017000 08:02 394306                     /usr/lib/jvm/java-8-openjdk-amd64/jre/lib/amd64/libnet.so
7f3984f89000-7f3984f8a000 r--p 00016000 08:02 394306                     /usr/lib/jvm/java-8-openjdk-amd64/jre/lib/amd64/libnet.so
7f3984f8a000-7f3984f8b000 rw-p 00017000 08:02 394306                     /usr/lib/jvm/java-8-openjdk-amd64/jre/lib/amd64/libnet.so
7f3984f8b000-7f3984f8c000 r--s 00006000 08:02 523414                     /home/ben/.gradle/wrapper/dists/gradle-4.9-bin/e9cinqnqvph59rr7g70qubb4t/gradle-4.9/lib/gradle-wrapper-4.9.jar
7f3984f8c000-7f3984f9a000 r--s 00049000 08:02 523413                     /home/ben/.gradle/wrapper/dists/gradle-4.9-bin/e9cinqnqvph59rr7g70qubb4t/gradle-4.9/lib/gradle-tooling-api-4.9.jar
7f3984f9a000-7f3984f9c000 r--s 00002000 08:02 523404                     /home/ben/.gradle/wrapper/dists/gradle-4.9-bin/e9cinqnqvph59rr7g70qubb4t/gradle-4.9/lib/kotlin-stdlib-jdk8-1.2.41.jar
7f3984f9c000-7f3984f9d000 r--s 00000000 08:02 523403                     /home/ben/.gradle/wrapper/dists/gradle-4.9-bin/e9cinqnqvph59rr7g70qubb4t/gradle-4.9/lib/kotlin-stdlib-jdk7-1.2.41.jar
7f3984f9d000-7f3984fac000 r--s 000d7000 08:02 523402                     /home/ben/.gradle/wrapper/dists/gradle-4.9-bin/e9cinqnqvph59rr7g70qubb4t/gradle-4.9/lib/kotlin-stdlib-1.2.41.jar
7f3984fac000-7f3984fae000 r--s 00008000 08:02 523401                     /home/ben/.gradle/wrapper/dists/gradle-4.9-bin/e9cinqnqvph59rr7g70qubb4t/gradle-4.9/lib/kotlin-script-runtime-1.2.41.jar
7f3984fae000-7f3984faf000 r--s 00002000 08:02 523400                     /home/ben/.gradle/wrapper/dists/gradle-4.9-bin/e9cinqnqvph59rr7g70qubb4t/gradle-4.9/lib/kotlin-sam-with-receiver-compiler-plugin-1.2.41.jar
7f3984faf000-7f3984fe4000 r--s 00240000 08:02 523399                     /home/ben/.gradle/wrapper/dists/gradle-4.9-bin/e9cinqnqvph59rr7g70qubb4t/gradle-4.9/lib/kotlin-reflect-1.2.41.jar
7f3984fe4000-7f3985020000 rw-p 00000000 00:00 0 
7f3985020000-7f39851dd000 r--s 018a9000 08:02 523398                     /home/ben/.gradle/wrapper/dists/gradle-4.9-bin/e9cinqnqvph59rr7g70qubb4t/gradle-4.9/lib/kotlin-compiler-embeddable-1.2.41.jar
7f39851dd000-7f39851df000 r--s 00000000 08:02 523397                     /home/ben/.gradle/wrapper/dists/gradle-4.9-bin/e9cinqnqvph59rr7g70qubb4t/gradle-4.9/lib/gradle-kotlin-dsl-tooling-models-0.18.4.jar
7f39851df000-7f39851e1000 r--s 00003000 08:02 523350                     /home/ben/.gradle/wrapper/dists/gradle-4.9-bin/e9cinqnqvph59rr7g70qubb4t/gradle-4.9/lib/annotations-13.0.jar
7f39851e1000-7f39851f2000 r--s 000d2000 08:02 523392                     /home/ben/.gradle/wrapper/dists/gradle-4.9-bin/e9cinqnqvph59rr7g70qubb4t/gradle-4.9/lib/gradle-kotlin-dsl-0.18.4.jar
7f39851f2000-7f39851f6000 r--s 00013000 08:02 523419                     /home/ben/.gradle/wrapper/dists/gradle-4.9-bin/e9cinqnqvph59rr7g70qubb4t/gradle-4.9/lib/gradle-build-cache-4.9.jar
7f39851f6000-7f39851fc000 r--s 0002e000 08:02 523426                     /home/ben/.gradle/wrapper/dists/gradle-4.9-bin/e9cinqnqvph59rr7g70qubb4t/gradle-4.9/lib/gradle-persistent-cache-4.9.jar
7f39851fc000-7f3985200000 r--s 00014000 08:02 523425                     /home/ben/.gradle/wrapper/dists/gradle-4.9-bin/e9cinqnqvph59rr7g70qubb4t/gradle-4.9/lib/gradle-resources-4.9.jar
7f3985200000-7f3985201000 r--s 00003000 08:02 523433                     /home/ben/.gradle/wrapper/dists/gradle-4.9-bin/e9cinqnqvph59rr7g70qubb4t/gradle-4.9/lib/gradle-build-option-4.9.jar
7f3985201000-7f3985203000 r--s 00005000 08:02 523434                     /home/ben/.gradle/wrapper/dists/gradle-4.9-bin/e9cinqnqvph59rr7g70qubb4t/gradle-4.9/lib/gradle-cli-4.9.jar
7f3985203000-7f3985205000 r--s 00004000 08:02 523446                     /home/ben/.gradle/wrapper/dists/gradle-4.9-bin/e9cinqnqvph59rr7g70qubb4t/gradle-4.9/lib/log4j-over-slf4j-1.7.16.jar
7f3985205000-7f3985207000 r--s 00000000 08:02 523445                     /home/ben/.gradle/wrapper/dists/gradle-4.9-bin/e9cinqnqvph59rr7g70qubb4t/gradle-4.9/lib/jul-to-slf4j-1.7.16.jar
7f3985207000-7f3985209000 r--s 00003000 08:02 523444                     /home/ben/.gradle/wrapper/dists/gradle-4.9-bin/e9cinqnqvph59rr7g70qubb4t/gradle-4.9/lib/jcl-over-slf4j-1.7.16.jar
7f3985209000-7f3985211000 r--s 00032000 08:02 523420                     /home/ben/.gradle/wrapper/dists/gradle-4.9-bin/e9cinqnqvph59rr7g70qubb4t/gradle-4.9/lib/gradle-logging-4.9.jar
7f3985211000-7f3985220000 r--s 00083000 08:02 523429                     /home/ben/.gradle/wrapper/dists/gradle-4.9-bin/e9cinqnqvph59rr7g70qubb4t/gradle-4.9/lib/gradle-model-core-4.9.jar
7f3985220000-7f3985222000 r--s 00006000 08:02 523430                     /home/ben/.gradle/wrapper/dists/gradle-4.9-bin/e9cinqnqvph59rr7g70qubb4t/gradle-4.9/lib/gradle-base-services-groovy-4.9.jar
7f3985222000-7f3985224000 r--s 00007000 08:02 523428                     /home/ben/.gradle/wrapper/dists/gradle-4.9-bin/e9cinqnqvph59rr7g70qubb4t/gradle-4.9/lib/gradle-model-groovy-4.9.jar
7f3985224000-7f3985226000 r--s 00002000 08:02 523435                     /home/ben/.gradle/wrapper/dists/gradle-4.9-bin/e9cinqnqvph59rr7g70qubb4t/gradle-4.9/lib/gradle-docs-4.9.jar
7f3985226000-7f398522f000 r--s 0002d000 08:02 523458                     /home/ben/.gradle/wrapper/dists/gradle-4.9-bin/e9cinqnqvph59rr7g70qubb4t/gradle-4.9/lib/xml-apis-1.4.01.jar
7f398522f000-7f3985230000 r--s 00000000 08:02 523454                     /home/ben/.gradle/wrapper/dists/gradle-4.9-bin/e9cinqnqvph59rr7g70qubb4t/gradle-4.9/lib/javax.inject-1.jar
7f3985230000-7f39852a0000 r--s 00646000 08:02 523452                     /home/ben/.gradle/wrapper/dists/gradle-4.9-bin/e9cinqnqvph59rr7g70qubb4t/gradle-4.9/lib/groovy-all-2.4.12.jar
7f39852a0000-7f39852aa000 r--s 00078000 08:02 523457                     /home/ben/.gradle/wrapper/dists/gradle-4.9-bin/e9cinqnqvph59rr7g70qubb4t/gradle-4.9/lib/commons-compress-1.14.jar
7f39852aa000-7f39852b7000 r--s 00083000 08:02 523455                     /home/ben/.gradle/wrapper/dists/gradle-4.9-bin/e9cinqnqvph59rr7g70qubb4t/gradle-4.9/lib/commons-collections-3.2.2.jar
7f39852b7000-7f39852b8000 r--s 00007000 08:02 523437                     /home/ben/.gradle/wrapper/dists/gradle-4.9-bin/e9cinqnqvph59rr7g70qubb4t/gradle-4.9/lib/asm-analysis-6.1.1.jar
7f39852b8000-7f39852ba000 r--s 0000b000 08:02 523438                     /home/ben/.gradle/wrapper/dists/gradle-4.9-bin/e9cinqnqvph59rr7g70qubb4t/gradle-4.9/lib/asm-tree-6.1.1.jar
7f39852ba000-7f39852bb000 r--s 00012000 08:02 523436                     /home/ben/.gradle/wrapper/dists/gradle-4.9-bin/e9cinqnqvph59rr7g70qubb4t/gradle-4.9/lib/asm-commons-6.1.1.jar
7f39852bb000-7f39852bc000 r--s 00004000 08:02 523461                     /home/ben/.gradle/wrapper/dists/gradle-4.9-bin/e9cinqnqvph59rr7g70qubb4t/gradle-4.9/lib/native-platform-freebsd-amd64-libcpp-0.14.jar
7f39852bc000-7f39852bd000 r--s 00004000 08:02 523462                     /home/ben/.gradle/wrapper/dists/gradle-4.9-bin/e9cinqnqvph59rr7g70qubb4t/gradle-4.9/lib/native-platform-freebsd-amd64-libstdcpp-0.14.jar
7f39852bd000-7f39852be000 r--s 00004000 08:02 523463                     /home/ben/.gradle/wrapper/dists/gradle-4.9-bin/e9cinqnqvph59rr7g70qubb4t/gradle-4.9/lib/native-platform-freebsd-i386-libcpp-0.14.jar
7f39852be000-7f39852bf000 r--s 00003000 08:02 523464                     /home/ben/.gradle/wrapper/dists/gradle-4.9-bin/e9cinqnqvph59rr7g70qubb4t/gradle-4.9/lib/native-platform-freebsd-i386-libstdcpp-0.14.jar
7f39852bf000-7f39852c0000 r--s 00002000 08:02 523465                     /home/ben/.gradle/wrapper/dists/gradle-4.9-bin/e9cinqnqvph59rr7g70qubb4t/gradle-4.9/lib/native-platform-linux-amd64-0.14.jar
7f39852c0000-7f39852c1000 r--s 00002000 08:02 523466                     /home/ben/.gradle/wrapper/dists/gradle-4.9-bin/e9cinqnqvph59rr7g70qubb4t/gradle-4.9/lib/native-platform-linux-i386-0.14.jar
7f39852c1000-7f39852c3000 r--s 00002000 08:02 523467                     /home/ben/.gradle/wrapper/dists/gradle-4.9-bin/e9cinqnqvph59rr7g70qubb4t/gradle-4.9/lib/native-platform-osx-amd64-0.14.jar
7f39852c3000-7f39852c4000 r--s 00003000 08:02 523469                     /home/ben/.gradle/wrapper/dists/gradle-4.9-bin/e9cinqnqvph59rr7g70qubb4t/gradle-4.9/lib/native-platform-osx-i386-0.14.jar
7f39852c4000-7f39852c6000 r--s 0000b000 08:02 523470                     /home/ben/.gradle/wrapper/dists/gradle-4.9-bin/e9cinqnqvph59rr7g70qubb4t/gradle-4.9/lib/native-platform-windows-amd64-0.14.jar
7f39852c6000-7f39852c7000 r--s 0000b000 08:02 523471                     /home/ben/.gradle/wrapper/dists/gradle-4.9-bin/e9cinqnqvph59rr7g70qubb4t/gradle-4.9/lib/native-platform-windows-i386-0.14.jar
7f39852c7000-7f39852c8000 r--s 00001000 08:02 523473                     /home/ben/.gradle/wrapper/dists/gradle-4.9-bin/e9cinqnqvph59rr7g70qubb4t/gradle-4.9/lib/native-platform-linux-amd64-ncurses5-0.14.jar
7f39852c8000-7f39852f0000 r--s 001cf000 08:02 523448                     /home/ben/.gradle/wrapper/dists/gradle-4.9-bin/e9cinqnqvph59rr7g70qubb4t/gradle-4.9/lib/guava-jdk5-17.0.jar
7f39852f0000-7f39852f1000 ---p 00000000 00:00 0 
7f39852f1000-7f39853f1000 rw-p 00000000 00:00 0 
7f39853f1000-7f39853f4000 ---p 00000000 00:00 0 
7f39853f4000-7f39854f2000 rw-p 00000000 00:00 0 
7f39854f2000-7f39854f5000 ---p 00000000 00:00 0 
7f39854f5000-7f39855f3000 rw-p 00000000 00:00 0 
7f39855f3000-7f39855f6000 ---p 00000000 00:00 0 
7f39855f6000-7f39856f4000 rw-p 00000000 00:00 0 
7f39856f4000-7f39856f7000 ---p 00000000 00:00 0 
7f39856f7000-7f39857f5000 rw-p 00000000 00:00 0 
7f39857f5000-7f39857f8000 ---p 00000000 00:00 0 
7f39857f8000-7f39858f6000 rw-p 00000000 00:00 0 
7f39858f6000-7f39858f9000 ---p 00000000 00:00 0 
7f39858f9000-7f39859f7000 rw-p 00000000 00:00 0 
7f39859f7000-7f39859fa000 ---p 00000000 00:00 0 
7f39859fa000-7f3985af8000 rw-p 00000000 00:00 0 
7f3985af8000-7f3985afc000 r-xp 00000000 08:02 394330                     /usr/lib/jvm/java-8-openjdk-amd64/jre/lib/amd64/libdt_socket.so
7f3985afc000-7f3985cfb000 ---p 00004000 08:02 394330                     /usr/lib/jvm/java-8-openjdk-amd64/jre/lib/amd64/libdt_socket.so
7f3985cfb000-7f3985cfc000 r--p 00003000 08:02 394330                     /usr/lib/jvm/java-8-openjdk-amd64/jre/lib/amd64/libdt_socket.so
7f3985cfc000-7f3985cfd000 rw-p 00004000 08:02 394330                     /usr/lib/jvm/java-8-openjdk-amd64/jre/lib/amd64/libdt_socket.so
7f3985cfd000-7f3985d00000 ---p 00000000 00:00 0 
7f3985d00000-7f3985dfe000 rw-p 00000000 00:00 0 
7f3985dfe000-7f3985e01000 ---p 00000000 00:00 0 
7f3985e01000-7f3985eff000 rw-p 00000000 00:00 0 
7f3985eff000-7f3985f02000 ---p 00000000 00:00 0 
7f3985f02000-7f3988000000 rw-p 00000000 00:00 0 
7f3988000000-7f3988026000 rw-p 00000000 00:00 0 
7f3988026000-7f398c000000 ---p 00000000 00:00 0 
7f398c000000-7f398c001000 r--s 00001000 08:02 523474                     /home/ben/.gradle/wrapper/dists/gradle-4.9-bin/e9cinqnqvph59rr7g70qubb4t/gradle-4.9/lib/native-platform-linux-amd64-ncurses6-0.14.jar
7f398c001000-7f398c002000 r--s 00001000 08:02 523475                     /home/ben/.gradle/wrapper/dists/gradle-4.9-bin/e9cinqnqvph59rr7g70qubb4t/gradle-4.9/lib/native-platform-linux-i386-ncurses5-0.14.jar
7f398c002000-7f398c003000 r--s 00001000 08:02 523476                     /home/ben/.gradle/wrapper/dists/gradle-4.9-bin/e9cinqnqvph59rr7g70qubb4t/gradle-4.9/lib/native-platform-linux-i386-ncurses6-0.14.jar
7f398c003000-7f398c007000 r--s 00012000 08:02 523456                     /home/ben/.gradle/wrapper/dists/gradle-4.9-bin/e9cinqnqvph59rr7g70qubb4t/gradle-4.9/lib/native-platform-0.14.jar
7f398c007000-7f398c00a000 r--s 00023000 08:02 523459                     /home/ben/.gradle/wrapper/dists/gradle-4.9-bin/e9cinqnqvph59rr7g70qubb4t/gradle-4.9/lib/jansi-1.14.jar
7f398c00a000-7f398c00d000 r--s 0000c000 08:02 523427                     /home/ben/.gradle/wrapper/dists/gradle-4.9-bin/e9cinqnqvph59rr7g70qubb4t/gradle-4.9/lib/gradle-native-4.9.jar
7f398c00d000-7f398c00f000 r--s 0000f000 08:02 523440                     /home/ben/.gradle/wrapper/dists/gradle-4.9-bin/e9cinqnqvph59rr7g70qubb4t/gradle-4.9/lib/reflectasm-1.07-shaded.jar
7f398c00f000-7f398c011000 r--s 00000000 08:02 523477                     /home/ben/.gradle/wrapper/dists/gradle-4.9-bin/e9cinqnqvph59rr7g70qubb4t/gradle-4.9/lib/minlog-1.2.jar
7f398c011000-7f398c013000 r--s 00007000 08:02 523478                     /home/ben/.gradle/wrapper/dists/gradle-4.9-bin/e9cinqnqvph59rr7g70qubb4t/gradle-4.9/lib/objenesis-1.2.jar
7f398c013000-7f398c017000 r--s 00026000 08:02 523439                     /home/ben/.gradle/wrapper/dists/gradle-4.9-bin/e9cinqnqvph59rr7g70qubb4t/gradle-4.9/lib/kryo-2.20.jar
7f398c017000-7f398c01e000 r--s 0002c000 08:02 523431                     /home/ben/.gradle/wrapper/dists/gradle-4.9-bin/e9cinqnqvph59rr7g70qubb4t/gradle-4.9/lib/gradle-messaging-4.9.jar
7f398c01e000-7f398c020000 r--s 00006000 08:02 523421                     /home/ben/.gradle/wrapper/dists/gradle-4.9-bin/e9cinqnqvph59rr7g70qubb4t/gradle-4.9/lib/gradle-process-services-4.9.jar
7f398c020000-7f398c022000 r--s 00000000 08:02 523417                     /home/ben/.gradle/wrapper/dists/gradle-4.9-bin/e9cinqnqvph59rr7g70qubb4t/gradle-4.9/lib/gradle-jvm-services-4.9.jar
7f398c022000-7f398c024000 r--s 00006000 08:02 523449                     /home/ben/.gradle/wrapper/dists/gradle-4.9-bin/e9cinqnqvph59rr7g70qubb4t/gradle-4.9/lib/jsr305-2.0.1.jar
7f398c024000-7f398c025000 r--s 00000000 08:02 523451                     /home/ben/.gradle/wrapper/dists/gradle-4.9-bin/e9cinqnqvph59rr7g70qubb4t/gradle-4.9/lib/jcip-annotations-1.0.jar
7f398c025000-7f398c028000 r--s 0001a000 08:02 523450                     /home/ben/.gradle/wrapper/dists/gradle-4.9-bin/e9cinqnqvph59rr7g70qubb4t/gradle-4.9/lib/fastutil-7.2.1-min.jar
7f398c028000-7f398c02c000 r--s 0002a000 08:02 523442                     /home/ben/.gradle/wrapper/dists/gradle-4.9-bin/e9cinqnqvph59rr7g70qubb4t/gradle-4.9/lib/commons-io-2.4.jar
7f398c02c000-7f398c02e000 r--s 00019000 08:02 523441                     /home/ben/.gradle/wrapper/dists/gradle-4.9-bin/e9cinqnqvph59rr7g70qubb4t/gradle-4.9/lib/asm-6.1.1.jar
7f398c02e000-7f398c033000 r--s 00041000 08:02 523443                     /home/ben/.gradle/wrapper/dists/gradle-4.9-bin/e9cinqnqvph59rr7g70qubb4t/gradle-4.9/lib/commons-lang-2.6.jar
7f398c033000-7f398c052000 r--s 001d9000 08:02 523453                     /home/ben/.gradle/wrapper/dists/gradle-4.9-bin/e9cinqnqvph59rr7g70qubb4t/gradle-4.9/lib/ant-1.9.11.jar
7f398c052000-7f398c095000 r--s 00236000 08:02 523416                     /home/ben/.gradle/wrapper/dists/gradle-4.9-bin/e9cinqnqvph59rr7g70qubb4t/gradle-4.9/lib/gradle-core-4.9.jar
7f398c095000-7f398c0a2000 r--s 00036000 08:02 523418                     /home/ben/.gradle/wrapper/dists/gradle-4.9-bin/e9cinqnqvph59rr7g70qubb4t/gradle-4.9/lib/gradle-core-api-4.9.jar
7f398c0a2000-7f398c0ae000 r--s 00060000 08:02 523432                     /home/ben/.gradle/wrapper/dists/gradle-4.9-bin/e9cinqnqvph59rr7g70qubb4t/gradle-4.9/lib/gradle-base-services-4.9.jar
7f398c0ae000-7f398c0bb000 r--s 00065000 08:02 523411                     /home/ben/.gradle/wrapper/dists/gradle-4.9-bin/e9cinqnqvph59rr7g70qubb4t/gradle-4.9/lib/gradle-launcher-4.9.jar
7f398c0bb000-7f398c0d6000 r--s 00394000 08:02 394289                     /usr/lib/jvm/java-8-openjdk-amd64/jre/lib/ext/cldrdata.jar
7f398c0d6000-7f398c0f1000 r--s 001d6000 08:02 394287                     /usr/lib/jvm/java-8-openjdk-amd64/jre/lib/ext/nashorn.jar
7f398c0f1000-7f398c0f2000 ---p 00000000 00:00 0 
7f398c0f2000-7f398d000000 rw-p 00000000 00:00 0 
7f398d000000-7f398d560000 rwxp 00000000 00:00 0 
7f398d560000-7f399c000000 ---p 00000000 00:00 0 
7f399c000000-7f399cfe8000 rw-p 00000000 00:00 0 
7f399cfe8000-7f39a0000000 ---p 00000000 00:00 0 
7f39a0000000-7f39a0001000 r--s 00009000 08:02 523447                     /home/ben/.gradle/wrapper/dists/gradle-4.9-bin/e9cinqnqvph59rr7g70qubb4t/gradle-4.9/lib/slf4j-api-1.7.16.jar
7f39a0001000-7f39a0002000 r--s 00004000 08:02 523460                     /home/ben/.gradle/wrapper/dists/gradle-4.9-bin/e9cinqnqvph59rr7g70qubb4t/gradle-4.9/lib/ant-launcher-1.9.11.jar
7f39a0002000-7f39a0008000 r--s 0003b000 08:02 394295                     /usr/lib/jvm/java-8-openjdk-amd64/jre/lib/ext/sunjce_provider.jar
7f39a0008000-7f39a01ba000 rw-p 00000000 00:00 0 
7f39a01ba000-7f39a0389000 r--s 03c32000 08:02 392774                     /usr/lib/jvm/java-8-openjdk-amd64/jre/lib/rt.jar
7f39a0389000-7f39a0dff000 rw-p 00000000 00:00 0 
7f39a0dff000-7f39a0e00000 ---p 00000000 00:00 0 
7f39a0e00000-7f39a0f00000 rw-p 00000000 00:00 0 
7f39a0f00000-7f39a0f01000 ---p 00000000 00:00 0 
7f39a0f01000-7f39a1001000 rw-p 00000000 00:00 0 
7f39a1001000-7f39a1002000 ---p 00000000 00:00 0 
7f39a1002000-7f39a1102000 rw-p 00000000 00:00 0 
7f39a1102000-7f39a1103000 ---p 00000000 00:00 0 
7f39a1103000-7f39a1217000 rw-p 00000000 00:00 0 
7f39a1217000-7f39a1359000 ---p 00000000 00:00 0 
7f39a1359000-7f39a136d000 rw-p 00000000 00:00 0 
7f39a136d000-7f39a14ae000 ---p 00000000 00:00 0 
7f39a14ae000-7f39a14d3000 rw-p 00000000 00:00 0 
7f39a14d3000-7f39a1559000 ---p 00000000 00:00 0 
7f39a1559000-7f39a1570000 rw-p 00000000 00:00 0 
7f39a1570000-7f39a191a000 ---p 00000000 00:00 0 
7f39a191a000-7f39a1922000 r-xp 00000000 08:02 394319                     /usr/lib/jvm/java-8-openjdk-amd64/jre/lib/amd64/libzip.so
7f39a1922000-7f39a1b21000 ---p 00008000 08:02 394319                     /usr/lib/jvm/java-8-openjdk-amd64/jre/lib/amd64/libzip.so
7f39a1b21000-7f39a1b22000 r--p 00007000 08:02 394319                     /usr/lib/jvm/java-8-openjdk-amd64/jre/lib/amd64/libzip.so
7f39a1b22000-7f39a1b23000 rw-p 00008000 08:02 394319                     /usr/lib/jvm/java-8-openjdk-amd64/jre/lib/amd64/libzip.so
7f39a1b23000-7f39a1b2e000 r-xp 00000000 08:02 919890                     /lib/x86_64-linux-gnu/libnss_files-2.23.so
7f39a1b2e000-7f39a1d2d000 ---p 0000b000 08:02 919890                     /lib/x86_64-linux-gnu/libnss_files-2.23.so
7f39a1d2d000-7f39a1d2e000 r--p 0000a000 08:02 919890                     /lib/x86_64-linux-gnu/libnss_files-2.23.so
7f39a1d2e000-7f39a1d2f000 rw-p 0000b000 08:02 919890                     /lib/x86_64-linux-gnu/libnss_files-2.23.so
7f39a1d2f000-7f39a1d35000 rw-p 00000000 00:00 0 
7f39a1d35000-7f39a1d40000 r-xp 00000000 08:02 919900                     /lib/x86_64-linux-gnu/libnss_nis-2.23.so
7f39a1d40000-7f39a1f3f000 ---p 0000b000 08:02 919900                     /lib/x86_64-linux-gnu/libnss_nis-2.23.so
7f39a1f3f000-7f39a1f40000 r--p 0000a000 08:02 919900                     /lib/x86_64-linux-gnu/libnss_nis-2.23.so
7f39a1f40000-7f39a1f41000 rw-p 0000b000 08:02 919900                     /lib/x86_64-linux-gnu/libnss_nis-2.23.so
7f39a1f41000-7f39a1f57000 r-xp 00000000 08:02 919884                     /lib/x86_64-linux-gnu/libnsl-2.23.so
7f39a1f57000-7f39a2156000 ---p 00016000 08:02 919884                     /lib/x86_64-linux-gnu/libnsl-2.23.so
7f39a2156000-7f39a2157000 r--p 00015000 08:02 919884                     /lib/x86_64-linux-gnu/libnsl-2.23.so
7f39a2157000-7f39a2158000 rw-p 00016000 08:02 919884                     /lib/x86_64-linux-gnu/libnsl-2.23.so
7f39a2158000-7f39a215a000 rw-p 00000000 00:00 0 
7f39a215a000-7f39a2162000 r-xp 00000000 08:02 919886                     /lib/x86_64-linux-gnu/libnss_compat-2.23.so
7f39a2162000-7f39a2361000 ---p 00008000 08:02 919886                     /lib/x86_64-linux-gnu/libnss_compat-2.23.so
7f39a2361000-7f39a2362000 r--p 00007000 08:02 919886                     /lib/x86_64-linux-gnu/libnss_compat-2.23.so
7f39a2362000-7f39a2363000 rw-p 00008000 08:02 919886                     /lib/x86_64-linux-gnu/libnss_compat-2.23.so
7f39a2363000-7f39a276c000 r--p 00000000 08:02 400915                     /usr/lib/locale/locale-archive
7f39a276c000-7f39a276e000 r-xp 00000000 08:02 394331                     /usr/lib/jvm/java-8-openjdk-amd64/jre/lib/amd64/libnpt.so
7f39a276e000-7f39a296e000 ---p 00002000 08:02 394331                     /usr/lib/jvm/java-8-openjdk-amd64/jre/lib/amd64/libnpt.so
7f39a296e000-7f39a296f000 r--p 00002000 08:02 394331                     /usr/lib/jvm/java-8-openjdk-amd64/jre/lib/amd64/libnpt.so
7f39a296f000-7f39a2970000 rw-p 00003000 08:02 394331                     /usr/lib/jvm/java-8-openjdk-amd64/jre/lib/amd64/libnpt.so
7f39a2970000-7f39a29ab000 r-xp 00000000 08:02 394328                     /usr/lib/jvm/java-8-openjdk-amd64/jre/lib/amd64/libjdwp.so
7f39a29ab000-7f39a2bab000 ---p 0003b000 08:02 394328                     /usr/lib/jvm/java-8-openjdk-amd64/jre/lib/amd64/libjdwp.so
7f39a2bab000-7f39a2bac000 r--p 0003b000 08:02 394328                     /usr/lib/jvm/java-8-openjdk-amd64/jre/lib/amd64/libjdwp.so
7f39a2bac000-7f39a2bad000 rw-p 0003c000 08:02 394328                     /usr/lib/jvm/java-8-openjdk-amd64/jre/lib/amd64/libjdwp.so
7f39a2bad000-7f39a2bda000 r-xp 00000000 08:02 394336                     /usr/lib/jvm/java-8-openjdk-amd64/jre/lib/amd64/libjava.so
7f39a2bda000-7f39a2dd9000 ---p 0002d000 08:02 394336                     /usr/lib/jvm/java-8-openjdk-amd64/jre/lib/amd64/libjava.so
7f39a2dd9000-7f39a2dda000 r--p 0002c000 08:02 394336                     /usr/lib/jvm/java-8-openjdk-amd64/jre/lib/amd64/libjava.so
7f39a2dda000-7f39a2ddc000 rw-p 0002d000 08:02 394336                     /usr/lib/jvm/java-8-openjdk-amd64/jre/lib/amd64/libjava.so
7f39a2ddc000-7f39a2deb000 r-xp 00000000 08:02 394324                     /usr/lib/jvm/java-8-openjdk-amd64/jre/lib/amd64/libverify.so
7f39a2deb000-7f39a2fea000 ---p 0000f000 08:02 394324                     /usr/lib/jvm/java-8-openjdk-amd64/jre/lib/amd64/libverify.so
7f39a2fea000-7f39a2fec000 r--p 0000e000 08:02 394324                     /usr/lib/jvm/java-8-openjdk-amd64/jre/lib/amd64/libverify.so
7f39a2fec000-7f39a2fed000 rw-p 00010000 08:02 394324                     /usr/lib/jvm/java-8-openjdk-amd64/jre/lib/amd64/libverify.so
7f39a2fed000-7f39a2ff4000 r-xp 00000000 08:02 919945                     /lib/x86_64-linux-gnu/librt-2.23.so
7f39a2ff4000-7f39a31f3000 ---p 00007000 08:02 919945                     /lib/x86_64-linux-gnu/librt-2.23.so
7f39a31f3000-7f39a31f4000 r--p 00006000 08:02 919945                     /lib/x86_64-linux-gnu/librt-2.23.so
7f39a31f4000-7f39a31f5000 rw-p 00007000 08:02 919945                     /lib/x86_64-linux-gnu/librt-2.23.so
7f39a31f5000-7f39a320b000 r-xp 00000000 08:02 919831                     /lib/x86_64-linux-gnu/libgcc_s.so.1
7f39a320b000-7f39a340a000 ---p 00016000 08:02 919831                     /lib/x86_64-linux-gnu/libgcc_s.so.1
7f39a340a000-7f39a340b000 rw-p 00015000 08:02 919831                     /lib/x86_64-linux-gnu/libgcc_s.so.1
7f39a340b000-7f39a3513000 r-xp 00000000 08:02 919863                     /lib/x86_64-linux-gnu/libm-2.23.so
7f39a3513000-7f39a3712000 ---p 00108000 08:02 919863                     /lib/x86_64-linux-gnu/libm-2.23.so
7f39a3712000-7f39a3713000 r--p 00107000 08:02 919863                     /lib/x86_64-linux-gnu/libm-2.23.so
7f39a3713000-7f39a3714000 rw-p 00108000 08:02 919863                     /lib/x86_64-linux-gnu/libm-2.23.so
7f39a3714000-7f39a3886000 r-xp 00000000 08:02 392107                     /usr/lib/x86_64-linux-gnu/libstdc++.so.6.0.21
7f39a3886000-7f39a3a86000 ---p 00172000 08:02 392107                     /usr/lib/x86_64-linux-gnu/libstdc++.so.6.0.21
7f39a3a86000-7f39a3a90000 r--p 00172000 08:02 392107                     /usr/lib/x86_64-linux-gnu/libstdc++.so.6.0.21
7f39a3a90000-7f39a3a92000 rw-p 0017c000 08:02 392107                     /usr/lib/x86_64-linux-gnu/libstdc++.so.6.0.21
7f39a3a92000-7f39a3a96000 rw-p 00000000 00:00 0 
7f39a3a96000-7f39a46f3000 r-xp 00000000 08:02 394302                     /usr/lib/jvm/java-8-openjdk-amd64/jre/lib/amd64/server/libjvm.so
7f39a46f3000-7f39a48f3000 ---p 00c5d000 08:02 394302                     /usr/lib/jvm/java-8-openjdk-amd64/jre/lib/amd64/server/libjvm.so
7f39a48f3000-7f39a4987000 r--p 00c5d000 08:02 394302                     /usr/lib/jvm/java-8-openjdk-amd64/jre/lib/amd64/server/libjvm.so
7f39a4987000-7f39a49b0000 rw-p 00cf1000 08:02 394302                     /usr/lib/jvm/java-8-openjdk-amd64/jre/lib/amd64/server/libjvm.so
7f39a49b0000-7f39a49e0000 rw-p 00000000 00:00 0 
7f39a49e0000-7f39a49f8000 r-xp 00000000 08:02 919937                     /lib/x86_64-linux-gnu/libpthread-2.23.so
7f39a49f8000-7f39a4bf7000 ---p 00018000 08:02 919937                     /lib/x86_64-linux-gnu/libpthread-2.23.so
7f39a4bf7000-7f39a4bf8000 r--p 00017000 08:02 919937                     /lib/x86_64-linux-gnu/libpthread-2.23.so
7f39a4bf8000-7f39a4bf9000 rw-p 00018000 08:02 919937                     /lib/x86_64-linux-gnu/libpthread-2.23.so
7f39a4bf9000-7f39a4bfd000 rw-p 00000000 00:00 0 
7f39a4bfd000-7f39a4c00000 r-xp 00000000 08:02 919817                     /lib/x86_64-linux-gnu/libdl-2.23.so
7f39a4c00000-7f39a4dff000 ---p 00003000 08:02 919817                     /lib/x86_64-linux-gnu/libdl-2.23.so
7f39a4dff000-7f39a4e00000 r--p 00002000 08:02 919817                     /lib/x86_64-linux-gnu/libdl-2.23.so
7f39a4e00000-7f39a4e01000 rw-p 00003000 08:02 919817                     /lib/x86_64-linux-gnu/libdl-2.23.so
7f39a4e01000-7f39a4e1a000 r-xp 00000000 08:02 919982                     /lib/x86_64-linux-gnu/libz.so.1.2.8
7f39a4e1a000-7f39a5019000 ---p 00019000 08:02 919982                     /lib/x86_64-linux-gnu/libz.so.1.2.8
7f39a5019000-7f39a501a000 r--p 00018000 08:02 919982                     /lib/x86_64-linux-gnu/libz.so.1.2.8
7f39a501a000-7f39a501b000 rw-p 00019000 08:02 919982                     /lib/x86_64-linux-gnu/libz.so.1.2.8
7f39a501b000-7f39a51db000 r-xp 00000000 08:02 919795                     /lib/x86_64-linux-gnu/libc-2.23.so
7f39a51db000-7f39a53db000 ---p 001c0000 08:02 919795                     /lib/x86_64-linux-gnu/libc-2.23.so
7f39a53db000-7f39a53df000 r--p 001c0000 08:02 919795                     /lib/x86_64-linux-gnu/libc-2.23.so
7f39a53df000-7f39a53e1000 rw-p 001c4000 08:02 919795                     /lib/x86_64-linux-gnu/libc-2.23.so
7f39a53e1000-7f39a53e5000 rw-p 00000000 00:00 0 
7f39a53e5000-7f39a53f2000 r-xp 00000000 08:02 394321                     /usr/lib/jvm/java-8-openjdk-amd64/jre/lib/amd64/jli/libjli.so
7f39a53f2000-7f39a55f2000 ---p 0000d000 08:02 394321                     /usr/lib/jvm/java-8-openjdk-amd64/jre/lib/amd64/jli/libjli.so
7f39a55f2000-7f39a55f3000 r--p 0000d000 08:02 394321                     /usr/lib/jvm/java-8-openjdk-amd64/jre/lib/amd64/jli/libjli.so
7f39a55f3000-7f39a55f4000 rw-p 0000e000 08:02 394321                     /usr/lib/jvm/java-8-openjdk-amd64/jre/lib/amd64/jli/libjli.so
7f39a55f4000-7f39a561a000 r-xp 00000000 08:02 919767                     /lib/x86_64-linux-gnu/ld-2.23.so
7f39a561a000-7f39a561d000 r--s 0000f000 08:02 393912                     /usr/lib/jvm/java-8-openjdk-amd64/jre/lib/ext/icedtea-sound.jar
7f39a561d000-7f39a56f6000 rw-p 00000000 00:00 0 
7f39a56f6000-7f39a56f9000 ---p 00000000 00:00 0 
7f39a56f9000-7f39a57fb000 rw-p 00000000 00:00 0 
7f39a57fb000-7f39a57fd000 r--s 00001000 08:02 394292                     /usr/lib/jvm/java-8-openjdk-amd64/jre/lib/ext/dnsns.jar
7f39a57fd000-7f39a5800000 r--s 00038000 08:02 394291                     /usr/lib/jvm/java-8-openjdk-amd64/jre/lib/ext/sunpkcs11.jar
7f39a5800000-7f39a5801000 r--s 00010000 08:02 394293                     /usr/lib/jvm/java-8-openjdk-amd64/jre/lib/ext/zipfs.jar
7f39a5801000-7f39a5803000 r--s 00008000 08:02 394296                     /usr/lib/jvm/java-8-openjdk-amd64/jre/lib/ext/sunec.jar
7f39a5803000-7f39a580d000 r--s 00116000 08:02 394294                     /usr/lib/jvm/java-8-openjdk-amd64/jre/lib/ext/localedata.jar
7f39a580d000-7f39a580e000 r--s 0000a000 08:02 394297                     /usr/lib/jvm/java-8-openjdk-amd64/jre/lib/ext/jaccess.jar
7f39a580e000-7f39a5816000 rw-s 00000000 08:02 274026                     /tmp/hsperfdata_ben/3867
7f39a5816000-7f39a5817000 rw-p 00000000 00:00 0 
7f39a5817000-7f39a5818000 ---p 00000000 00:00 0 
7f39a5818000-7f39a5819000 rw-p 00000000 00:00 0 
7f39a5819000-7f39a581a000 r--p 00025000 08:02 919767                     /lib/x86_64-linux-gnu/ld-2.23.so
7f39a581a000-7f39a581b000 rw-p 00026000 08:02 919767                     /lib/x86_64-linux-gnu/ld-2.23.so
7f39a581b000-7f39a581c000 rw-p 00000000 00:00 0 
7ffd684a3000-7ffd684c4000 rw-p 00000000 00:00 0                          [stack]
7ffd6854f000-7ffd68552000 r--p 00000000 00:00 0                          [vvar]
7ffd68552000-7ffd68554000 r-xp 00000000 00:00 0                          [vdso]
ffffffffff600000-ffffffffff601000 r-xp 00000000 00:00 0                  [vsyscall]

VM Arguments:
jvm_args: -XX:+HeapDumpOnOutOfMemoryError -agentlib:jdwp=transport=dt_socket,server=n,suspend=y,address=43645 -Xmx1024m -Dfile.encoding=UTF-8 -Duser.country=GB -Duser.language=en -Duser.variant 
java_command: org.gradle.launcher.daemon.bootstrap.GradleDaemon 4.9
java_class_path (initial): /home/ben/.gradle/wrapper/dists/gradle-4.9-bin/e9cinqnqvph59rr7g70qubb4t/gradle-4.9/lib/gradle-launcher-4.9.jar
Launcher Type: SUN_STANDARD

Environment Variables:
JAVA_HOME=/usr/lib/jvm/java-8-oracle
PATH=/home/ben/bin:/home/ben/.local/bin:/usr/local/sbin:/usr/local/bin:/usr/sbin:/usr/bin:/sbin:/bin:/usr/games:/usr/local/games:/snap/bin:/usr/lib/jvm/java-8-oracle/bin:/usr/lib/jvm/java-8-oracle/db/bin:/usr/lib/jvm/java-8-oracle/jre/bin
SHELL=/bin/bash
DISPLAY=:0

Signal Handlers:
SIGSEGV: [libjvm.so+0xa71a30], sa_mask[0]=11111111011111111101111111111110, sa_flags=SA_RESTART|SA_SIGINFO
SIGBUS: [libjvm.so+0xa71a30], sa_mask[0]=11111111011111111101111111111110, sa_flags=SA_RESTART|SA_SIGINFO
SIGFPE: [libjvm.so+0x8b8f40], sa_mask[0]=11111111011111111101111111111110, sa_flags=SA_RESTART|SA_SIGINFO
SIGPIPE: [libjvm.so+0x8b8f40], sa_mask[0]=11111111011111111101111111111110, sa_flags=SA_RESTART|SA_SIGINFO
SIGXFSZ: [libjvm.so+0x8b8f40], sa_mask[0]=11111111011111111101111111111110, sa_flags=SA_RESTART|SA_SIGINFO
SIGILL: [libjvm.so+0x8b8f40], sa_mask[0]=11111111011111111101111111111110, sa_flags=SA_RESTART|SA_SIGINFO
SIGUSR1: SIG_DFL, sa_mask[0]=00000000000000000000000000000000, sa_flags=none
SIGUSR2: [libjvm.so+0x8b8df0], sa_mask[0]=00100000000000000000000000000000, sa_flags=SA_RESTART|SA_SIGINFO
SIGHUP: [libjvm.so+0x8b92c0], sa_mask[0]=11111111011111111101111111111110, sa_flags=SA_RESTART|SA_SIGINFO
SIGINT: [libjvm.so+0x8b92c0], sa_mask[0]=11111111011111111101111111111110, sa_flags=SA_RESTART|SA_SIGINFO
SIGTERM: [libjvm.so+0x8b92c0], sa_mask[0]=11111111011111111101111111111110, sa_flags=SA_RESTART|SA_SIGINFO
SIGQUIT: [libjvm.so+0x8b92c0], sa_mask[0]=11111111011111111101111111111110, sa_flags=SA_RESTART|SA_SIGINFO


---------------  S Y S T E M  ---------------

OS:DISTRIB_ID=Ubuntu
DISTRIB_RELEASE=16.04
DISTRIB_CODENAME=xenial
DISTRIB_DESCRIPTION="Ubuntu 16.04.5 LTS"

uname:Linux 4.13.0-36-generic #40~16.04.1-Ubuntu SMP Fri Feb 16 23:25:58 UTC 2018 x86_64
libc:glibc 2.23 NPTL 2.23 
rlimit: STACK 8192k, CORE 0k, NPROC 14315, NOFILE 1048576, AS infinity
load average:1,16 1,18 0,92

/proc/meminfo:
MemTotal:        3776228 kB
MemFree:          111312 kB
MemAvailable:      24708 kB
Buffers:            1380 kB
Cached:           297236 kB
SwapCached:         1756 kB
Active:          2748116 kB
Inactive:         727584 kB
Active(anon):    2738252 kB
Inactive(anon):   706176 kB
Active(file):       9864 kB
Inactive(file):    21408 kB
Unevictable:          32 kB
Mlocked:              32 kB
SwapTotal:         15356 kB
SwapFree:              0 kB
Dirty:               176 kB
Writeback:             0 kB
AnonPages:       3175700 kB
Mapped:           189536 kB
Shmem:            267248 kB
Slab:              85624 kB
SReclaimable:      41116 kB
SUnreclaim:        44508 kB
KernelStack:       12240 kB
PageTables:        52300 kB
NFS_Unstable:          0 kB
Bounce:                0 kB
WritebackTmp:          0 kB
CommitLimit:     1903468 kB
Committed_AS:    8226244 kB
VmallocTotal:   34359738367 kB
VmallocUsed:           0 kB
VmallocChunk:          0 kB
HardwareCorrupted:     0 kB
AnonHugePages:         0 kB
ShmemHugePages:        0 kB
ShmemPmdMapped:        0 kB
CmaTotal:              0 kB
CmaFree:               0 kB
HugePages_Total:       0
HugePages_Free:        0
HugePages_Rsvd:        0
HugePages_Surp:        0
Hugepagesize:       2048 kB
DirectMap4k:      139852 kB
DirectMap2M:     2740224 kB
DirectMap1G:     1048576 kB


CPU:total 4 (initial active 4) (2 cores per cpu, 2 threads per core) family 6 model 78 stepping 3, cmov, cx8, fxsr, mmx, sse, sse2, sse3, ssse3, sse4.1, sse4.2, popcnt, avx, avx2, aes, clmul, erms, rtm, 3dnowpref, lzcnt, ht, tsc, tscinvbit, bmi1, bmi2, adx

/proc/cpuinfo:
processor	: 0
vendor_id	: GenuineIntel
cpu family	: 6
model		: 78
model name	: Intel(R) Core(TM) i3-6100U CPU @ 2.30GHz
stepping	: 3
microcode	: 0x84
cpu MHz		: 2300.000
cache size	: 3072 KB
physical id	: 0
siblings	: 4
core id		: 0
cpu cores	: 2
apicid		: 0
initial apicid	: 0
fpu		: yes
fpu_exception	: yes
cpuid level	: 22
wp		: yes
flags		: fpu vme de pse tsc msr pae mce cx8 apic sep mtrr pge mca cmov pat pse36 clflush dts acpi mmx fxsr sse sse2 ss ht tm pbe syscall nx pdpe1gb rdtscp lm constant_tsc art arch_perfmon pebs bts rep_good nopl xtopology nonstop_tsc cpuid aperfmperf tsc_known_freq pni pclmulqdq dtes64 monitor ds_cpl vmx est tm2 ssse3 sdbg fma cx16 xtpr pdcm pcid sse4_1 sse4_2 x2apic movbe popcnt aes xsave avx f16c rdrand lahf_lm abm 3dnowprefetch cpuid_fault epb invpcid_single pti retpoline intel_pt rsb_ctxsw tpr_shadow vnmi flexpriority ept vpid fsgsbase tsc_adjust bmi1 hle avx2 smep bmi2 erms invpcid rtm mpx rdseed adx smap clflushopt xsaveopt xsavec xgetbv1 xsaves dtherm ida arat pln pts hwp hwp_notify hwp_act_window hwp_epp
bugs		: cpu_meltdown spectre_v1 spectre_v2
bogomips	: 4608.00
clflush size	: 64
cache_alignment	: 64
address sizes	: 39 bits physical, 48 bits virtual
power management:

processor	: 1
vendor_id	: GenuineIntel
cpu family	: 6
model		: 78
model name	: Intel(R) Core(TM) i3-6100U CPU @ 2.30GHz
stepping	: 3
microcode	: 0x84
cpu MHz		: 2300.000
cache size	: 3072 KB
physical id	: 0
siblings	: 4
core id		: 1
cpu cores	: 2
apicid		: 2
initial apicid	: 2
fpu		: yes
fpu_exception	: yes
cpuid level	: 22
wp		: yes
flags		: fpu vme de pse tsc msr pae mce cx8 apic sep mtrr pge mca cmov pat pse36 clflush dts acpi mmx fxsr sse sse2 ss ht tm pbe syscall nx pdpe1gb rdtscp lm constant_tsc art arch_perfmon pebs bts rep_good nopl xtopology nonstop_tsc cpuid aperfmperf tsc_known_freq pni pclmulqdq dtes64 monitor ds_cpl vmx est tm2 ssse3 sdbg fma cx16 xtpr pdcm pcid sse4_1 sse4_2 x2apic movbe popcnt aes xsave avx f16c rdrand lahf_lm abm 3dnowprefetch cpuid_fault epb invpcid_single pti retpoline intel_pt rsb_ctxsw tpr_shadow vnmi flexpriority ept vpid fsgsbase tsc_adjust bmi1 hle avx2 smep bmi2 erms invpcid rtm mpx rdseed adx smap clflushopt xsaveopt xsavec xgetbv1 xsaves dtherm ida arat pln pts hwp hwp_notify hwp_act_window hwp_epp
bugs		: cpu_meltdown spectre_v1 spectre_v2
bogomips	: 4608.00
clflush size	: 64
cache_alignment	: 64
address sizes	: 39 bits physical, 48 bits virtual
power management:

processor	: 2
vendor_id	: GenuineIntel
cpu family	: 6
model		: 78
model name	: Intel(R) Core(TM) i3-6100U CPU @ 2.30GHz
stepping	: 3
microcode	: 0x84
cpu MHz		: 2300.000
cache size	: 3072 KB
physical id	: 0
siblings	: 4
core id		: 0
cpu cores	: 2
apicid		: 1
initial apicid	: 1
fpu		: yes
fpu_exception	: yes
cpuid level	: 22
wp		: yes
flags		: fpu vme de pse tsc msr pae mce cx8 apic sep mtrr pge mca cmov pat pse36 clflush dts acpi mmx fxsr sse sse2 ss ht tm pbe syscall nx pdpe1gb rdtscp lm constant_tsc art arch_perfmon pebs bts rep_good nopl xtopology nonstop_tsc cpuid aperfmperf tsc_known_freq pni pclmulqdq dtes64 monitor ds_cpl vmx est tm2 ssse3 sdbg fma cx16 xtpr pdcm pcid sse4_1 sse4_2 x2apic movbe popcnt aes xsave avx f16c rdrand lahf_lm abm 3dnowprefetch cpuid_fault epb invpcid_single pti retpoline intel_pt rsb_ctxsw tpr_shadow vnmi flexpriority ept vpid fsgsbase tsc_adjust bmi1 hle avx2 smep bmi2 erms invpcid rtm mpx rdseed adx smap clflushopt xsaveopt xsavec xgetbv1 xsaves dtherm ida arat pln pts hwp hwp_notify hwp_act_window hwp_epp
bugs		: cpu_meltdown spectre_v1 spectre_v2
bogomips	: 4608.00
clflush size	: 64
cache_alignment	: 64
address sizes	: 39 bits physical, 48 bits virtual
power management:

processor	: 3
vendor_id	: GenuineIntel
cpu family	: 6
model		: 78
model name	: Intel(R) Core(TM) i3-6100U CPU @ 2.30GHz
stepping	: 3
microcode	: 0x84
cpu MHz		: 2300.000
cache size	: 3072 KB
physical id	: 0
siblings	: 4
core id		: 1
cpu cores	: 2
apicid		: 3
initial apicid	: 3
fpu		: yes
fpu_exception	: yes
cpuid level	: 22
wp		: yes
flags		: fpu vme de pse tsc msr pae mce cx8 apic sep mtrr pge mca cmov pat pse36 clflush dts acpi mmx fxsr sse sse2 ss ht tm pbe syscall nx pdpe1gb rdtscp lm constant_tsc art arch_perfmon pebs bts rep_good nopl xtopology nonstop_tsc cpuid aperfmperf tsc_known_freq pni pclmulqdq dtes64 monitor ds_cpl vmx est tm2 ssse3 sdbg fma cx16 xtpr pdcm pcid sse4_1 sse4_2 x2apic movbe popcnt aes xsave avx f16c rdrand lahf_lm abm 3dnowprefetch cpuid_fault epb invpcid_single pti retpoline intel_pt rsb_ctxsw tpr_shadow vnmi flexpriority ept vpid fsgsbase tsc_adjust bmi1 hle avx2 smep bmi2 erms invpcid rtm mpx rdseed adx smap clflushopt xsaveopt xsavec xgetbv1 xsaves dtherm ida arat pln pts hwp hwp_notify hwp_act_window hwp_epp
bugs		: cpu_meltdown spectre_v1 spectre_v2
bogomips	: 4608.00
clflush size	: 64
cache_alignment	: 64
address sizes	: 39 bits physical, 48 bits virtual
power management:



Memory: 4k page, physical 3776228k(111188k free), swap 15356k(0k free)

vm_info: OpenJDK 64-Bit Server VM (25.181-b13) for linux-amd64 JRE (1.8.0_181-8u181-b13-0ubuntu0.16.04.1-b13), built on Jul 30 2018 21:06:27 by "buildd" with gcc 5.4.0 20160609

time: Tue Sep  4 10:32:23 2018
elapsed time: 3 seconds (0d 0h 0m 3s)

